<?xml version="1.0" encoding="utf-8"?><testsuites><testsuite errors="0" failures="0" hostname="fv-az180-716" name="pytest" skipped="2" tests="31" time="2.075" timestamp="2021-10-08T10:16:29.446052"><testcase classname="azmlclient.tests.clients.test_configs" name="test_empty_cfg" time="0.012" /><testcase classname="azmlclient.tests.clients.test_configs" name="test_full_cfg" time="0.011" /><testcase classname="azmlclient.tests.clients.test_dummy_client" name="test_client_call_simple[yaml-call_mode=local-swagger_format=None]" time="0.132" /><testcase classname="azmlclient.tests.clients.test_dummy_client" name="test_client_call_simple[yaml-call_mode=RR-swagger_format=False]" time="0.034" /><testcase classname="azmlclient.tests.clients.test_dummy_client" name="test_client_call_simple[yaml-call_mode=RR-swagger_format=True]" time="0.030" /><testcase classname="azmlclient.tests.clients.test_dummy_client" name="test_client_call_simple[yaml-call_mode=Batch-swagger_format=None]" time="0.009"><skipped message="Batch mode is not implemented on this mock server." type="pytest.skip">/home/runner/work/python-azureml-client/python-azureml-client/azmlclient/tests/clients/test_dummy_client.py:92: Batch mode is not implemented on this mock server.</skipped></testcase><testcase classname="azmlclient.tests.clients.test_dummy_client" name="test_client_call_simple[cfg-call_mode=local-swagger_format=None]" time="0.005" /><testcase classname="azmlclient.tests.clients.test_dummy_client" name="test_client_call_simple[cfg-call_mode=RR-swagger_format=False]" time="0.025" /><testcase classname="azmlclient.tests.clients.test_dummy_client" name="test_client_call_simple[cfg-call_mode=RR-swagger_format=True]" time="0.026" /><testcase classname="azmlclient.tests.clients.test_dummy_client" name="test_client_call_simple[cfg-call_mode=Batch-swagger_format=None]" time="0.005"><skipped message="Batch mode is not implemented on this mock server." type="pytest.skip">/home/runner/work/python-azureml-client/python-azureml-client/azmlclient/tests/clients/test_dummy_client.py:92: Batch mode is not implemented on this mock server.</skipped></testcase><testcase classname="azmlclient.tests.clients.test_dummy_client" name="test_client_call_remote_only[yaml]" time="0.009" /><testcase classname="azmlclient.tests.clients.test_dummy_client" name="test_client_call_remote_only[cfg]" time="0.016" /><testcase classname="azmlclient.tests.clients.test_readme" name="test_readme_high_level_basic" time="0.140" /><testcase classname="azmlclient.tests.clients.test_readme" name="test_readme_high_level_local" time="0.085" /><testcase classname="azmlclient.tests.databinding.test_databinding" name="test_df_to_azmltable[from_folders-case_name=dummy-replace_NaT_with=None-replace_NaN_with=None-swagger_mode_on=False]" time="0.022" /><testcase classname="azmlclient.tests.databinding.test_databinding" name="test_df_to_azmltable[from_folders-case_name=dummy-replace_NaT_with=None-replace_NaN_with=None-swagger_mode_on=True]" time="0.018" /><testcase classname="azmlclient.tests.databinding.test_databinding" name="test_df_to_azmltable[from_folders-case_name=dummy-replace_NaT_with=None-replace_NaN_with=null-swagger_mode_on=False]" time="0.016" /><testcase classname="azmlclient.tests.databinding.test_databinding" name="test_df_to_azmltable[from_folders-case_name=dummy-replace_NaT_with=None-replace_NaN_with=null-swagger_mode_on=True]" time="0.016" /><testcase classname="azmlclient.tests.databinding.test_databinding" name="test_df_to_azmltable[from_folders-case_name=dummy-replace_NaT_with=null-replace_NaN_with=None-swagger_mode_on=False]" time="0.015" /><testcase classname="azmlclient.tests.databinding.test_databinding" name="test_df_to_azmltable[from_folders-case_name=dummy-replace_NaT_with=null-replace_NaN_with=None-swagger_mode_on=True]" time="0.015" /><testcase classname="azmlclient.tests.databinding.test_databinding" name="test_df_to_azmltable[from_folders-case_name=dummy-replace_NaT_with=null-replace_NaN_with=null-swagger_mode_on=False]" time="0.015" /><testcase classname="azmlclient.tests.databinding.test_databinding" name="test_df_to_azmltable[from_folders-case_name=dummy-replace_NaT_with=null-replace_NaN_with=null-swagger_mode_on=True]" time="0.015" /><testcase classname="azmlclient.tests.databinding.test_databinding" name="test_df_to_json[replace_NaT_with=None-replace_NaN_with=None-swagger=False-from_folders-case_name=dummy]" time="0.019" /><testcase classname="azmlclient.tests.databinding.test_databinding" name="test_df_to_json[replace_NaT_with=None-replace_NaN_with=None-swagger=True-from_folders-case_name=dummy]" time="0.019" /><testcase classname="azmlclient.tests.databinding.test_databinding" name="test_df_to_json[replace_NaT_with=None-replace_NaN_with=null-swagger=False-from_folders-case_name=dummy]" time="0.016" /><testcase classname="azmlclient.tests.databinding.test_databinding" name="test_df_to_json[replace_NaT_with=None-replace_NaN_with=null-swagger=True-from_folders-case_name=dummy]" time="0.016" /><testcase classname="azmlclient.tests.databinding.test_databinding" name="test_df_to_json[replace_NaT_with=null-replace_NaN_with=None-swagger=False-from_folders-case_name=dummy]" time="0.016" /><testcase classname="azmlclient.tests.databinding.test_databinding" name="test_df_to_json[replace_NaT_with=null-replace_NaN_with=None-swagger=True-from_folders-case_name=dummy]" time="0.016" /><testcase classname="azmlclient.tests.databinding.test_databinding" name="test_df_to_json[replace_NaT_with=null-replace_NaN_with=null-swagger=False-from_folders-case_name=dummy]" time="0.016" /><testcase classname="azmlclient.tests.databinding.test_databinding" name="test_df_to_json[replace_NaT_with=null-replace_NaN_with=null-swagger=True-from_folders-case_name=dummy]" time="0.016" /><testcase classname="azmlclient.tests.databinding.test_databinding" name="test_df_to_csv[from_folders-case_name=dummy]" time="0.018" /></testsuite></testsuites>