<?xml version="1.0" encoding="utf-8"?><testsuite errors="0" failures="0" name="pytest" skips="2" tests="31" time="1.823"><testcase classname="azmlclient.tests.clients.test_configs" file="azmlclient/tests/clients/test_configs.py" line="6" name="test_empty_cfg" time="0.012418746948242188"></testcase><testcase classname="azmlclient.tests.clients.test_configs" file="azmlclient/tests/clients/test_configs.py" line="39" name="test_full_cfg" time="0.012471199035644531"></testcase><testcase classname="azmlclient.tests.clients.test_dummy_client" file="azmlclient/tests/clients/test_dummy_client.py" line="68" name="test_client_call_simple[yaml-call_mode=local-swagger_format=None]" time="0.12455415725708008"><system-out>adding columns
</system-out><system-err>[22/Apr/2020:14:58:31] ENGINE Listening for SIGUSR1.
[22/Apr/2020:14:58:31] ENGINE Listening for SIGHUP.
[22/Apr/2020:14:58:31] ENGINE Listening for SIGTERM.
[22/Apr/2020:14:58:31] ENGINE Bus STARTING
[22/Apr/2020:14:58:31] ENGINE Started monitor thread &apos;Autoreloader&apos;.
[22/Apr/2020:14:58:32] ENGINE Serving on https://0.0.0.0:4443
[22/Apr/2020:14:58:32] ENGINE Bus STARTED
</system-err></testcase><testcase classname="azmlclient.tests.clients.test_dummy_client" file="azmlclient/tests/clients/test_dummy_client.py" line="68" name="test_client_call_simple[yaml-call_mode=RR-swagger_format=False]" time="0.025287866592407227"><system-out>send: b&apos;POST /a_plus_b/execute?api-version=2.0&amp;details=true HTTP/1.1\r\nHost: localhost:4443\r\nAccept-Encoding: gzip, deflate\r\nUser-Agent: python-requests/2.23.0\r\nAccept: */*\r\nConnection: keep-alive\r\nContent-Type: application/json; charset=utf-8\r\nAuthorization: Bearer none\r\nContent-Length: 139\r\n\r\n&apos;
send: b&apos;{&quot;GlobalParameters&quot;: {&quot;b_name&quot;: &quot;y&quot;, &quot;a_name&quot;: &quot;x&quot;}, &quot;Inputs&quot;: {&quot;input&quot;: {&quot;Values&quot;: [[1, 0], [2, 5], [3, 10]], &quot;ColumnNames&quot;: [&quot;x&quot;, &quot;y&quot;]}}}&apos;
adding columns
127.0.0.1 - - [22/Apr/2020:14:58:32] &quot;POST /a_plus_b/execute?api-version=2.0&amp;details=true HTTP/1.1&quot; 200 105 &quot;&quot; &quot;python-requests/2.23.0&quot;
reply: &apos;HTTP/1.1 200 OK\r\n&apos;
header: Server header: Date header: Content-Type header: Allow header: Content-Length </system-out><system-err>[22/Apr/2020:14:58:32]  [a_plus_b] was asked to execute with params {&apos;api-version&apos;: &apos;2.0&apos;, &apos;details&apos;: &apos;true&apos;}
</system-err></testcase><testcase classname="azmlclient.tests.clients.test_dummy_client" file="azmlclient/tests/clients/test_dummy_client.py" line="68" name="test_client_call_simple[yaml-call_mode=RR-swagger_format=True]" time="0.024890899658203125"><system-out>send: b&apos;POST /a_plus_b/execute?api-version=2.0&amp;details=true&amp;format=swagger HTTP/1.1\r\nHost: localhost:4443\r\nAccept-Encoding: gzip, deflate\r\nUser-Agent: python-requests/2.23.0\r\nAccept: */*\r\nConnection: keep-alive\r\nContent-Type: application/json; charset=utf-8\r\nAuthorization: Bearer none\r\nContent-Length: 130\r\n\r\n&apos;
send: b&apos;{&quot;GlobalParameters&quot;: {&quot;b_name&quot;: &quot;y&quot;, &quot;a_name&quot;: &quot;x&quot;}, &quot;Inputs&quot;: {&quot;input&quot;: [{&quot;x&quot;: 1, &quot;y&quot;: 0}, {&quot;x&quot;: 2, &quot;y&quot;: 5}, {&quot;x&quot;: 3, &quot;y&quot;: 10}]}}&apos;
adding columns
127.0.0.1 - - [22/Apr/2020:14:58:32] &quot;POST /a_plus_b/execute?api-version=2.0&amp;details=true&amp;format=swagger HTTP/1.1&quot; 200 90 &quot;&quot; &quot;python-requests/2.23.0&quot;
reply: &apos;HTTP/1.1 200 OK\r\n&apos;
header: Server header: Date header: Content-Type header: Allow header: Content-Length </system-out><system-err>[22/Apr/2020:14:58:32]  [a_plus_b] was asked to execute with params {&apos;api-version&apos;: &apos;2.0&apos;, &apos;details&apos;: &apos;true&apos;, &apos;format&apos;: &apos;swagger&apos;}
</system-err></testcase><testcase classname="azmlclient.tests.clients.test_dummy_client" file="azmlclient/tests/clients/test_dummy_client.py" line="68" name="test_client_call_simple[yaml-call_mode=Batch-swagger_format=None]" time="0.010549545288085938"><skipped message="Batch mode is not implemented on this mock server." type="pytest.skip">/home/travis/build/smarie/python-azureml-client/azmlclient/tests/clients/test_dummy_client.py:90: Batch mode is not implemented on this mock server.</skipped></testcase><testcase classname="azmlclient.tests.clients.test_dummy_client" file="azmlclient/tests/clients/test_dummy_client.py" line="68" name="test_client_call_simple[cfg-call_mode=local-swagger_format=None]" time="0.009120464324951172"><system-out>adding columns
</system-out></testcase><testcase classname="azmlclient.tests.clients.test_dummy_client" file="azmlclient/tests/clients/test_dummy_client.py" line="68" name="test_client_call_simple[cfg-call_mode=RR-swagger_format=False]" time="0.019345521926879883"><system-out>send: b&apos;POST /a_plus_b/execute?api-version=2.0&amp;details=true HTTP/1.1\r\nHost: localhost:4443\r\nAccept-Encoding: gzip, deflate\r\nUser-Agent: python-requests/2.23.0\r\nAccept: */*\r\nConnection: keep-alive\r\nContent-Type: application/json; charset=utf-8\r\nAuthorization: Bearer none\r\nContent-Length: 139\r\n\r\n&apos;
send: b&apos;{&quot;GlobalParameters&quot;: {&quot;b_name&quot;: &quot;y&quot;, &quot;a_name&quot;: &quot;x&quot;}, &quot;Inputs&quot;: {&quot;input&quot;: {&quot;Values&quot;: [[1, 0], [2, 5], [3, 10]], &quot;ColumnNames&quot;: [&quot;x&quot;, &quot;y&quot;]}}}&apos;
adding columns
127.0.0.1 - - [22/Apr/2020:14:58:32] &quot;POST /a_plus_b/execute?api-version=2.0&amp;details=true HTTP/1.1&quot; 200 105 &quot;&quot; &quot;python-requests/2.23.0&quot;
reply: &apos;HTTP/1.1 200 OK\r\n&apos;
header: Server header: Date header: Content-Type header: Allow header: Content-Length </system-out><system-err>[22/Apr/2020:14:58:32]  [a_plus_b] was asked to execute with params {&apos;api-version&apos;: &apos;2.0&apos;, &apos;details&apos;: &apos;true&apos;}
</system-err></testcase><testcase classname="azmlclient.tests.clients.test_dummy_client" file="azmlclient/tests/clients/test_dummy_client.py" line="68" name="test_client_call_simple[cfg-call_mode=RR-swagger_format=True]" time="0.01860213279724121"><system-out>send: b&apos;POST /a_plus_b/execute?api-version=2.0&amp;details=true&amp;format=swagger HTTP/1.1\r\nHost: localhost:4443\r\nAccept-Encoding: gzip, deflate\r\nUser-Agent: python-requests/2.23.0\r\nAccept: */*\r\nConnection: keep-alive\r\nContent-Type: application/json; charset=utf-8\r\nAuthorization: Bearer none\r\nContent-Length: 130\r\n\r\n&apos;
send: b&apos;{&quot;GlobalParameters&quot;: {&quot;b_name&quot;: &quot;y&quot;, &quot;a_name&quot;: &quot;x&quot;}, &quot;Inputs&quot;: {&quot;input&quot;: [{&quot;x&quot;: 1, &quot;y&quot;: 0}, {&quot;x&quot;: 2, &quot;y&quot;: 5}, {&quot;x&quot;: 3, &quot;y&quot;: 10}]}}&apos;
adding columns
127.0.0.1 - - [22/Apr/2020:14:58:32] &quot;POST /a_plus_b/execute?api-version=2.0&amp;details=true&amp;format=swagger HTTP/1.1&quot; 200 90 &quot;&quot; &quot;python-requests/2.23.0&quot;
reply: &apos;HTTP/1.1 200 OK\r\n&apos;
header: Server header: Date header: Content-Type header: Allow header: Content-Length </system-out><system-err>[22/Apr/2020:14:58:32]  [a_plus_b] was asked to execute with params {&apos;api-version&apos;: &apos;2.0&apos;, &apos;details&apos;: &apos;true&apos;, &apos;format&apos;: &apos;swagger&apos;}
</system-err></testcase><testcase classname="azmlclient.tests.clients.test_dummy_client" file="azmlclient/tests/clients/test_dummy_client.py" line="68" name="test_client_call_simple[cfg-call_mode=Batch-swagger_format=None]" time="0.007113456726074219"><skipped message="Batch mode is not implemented on this mock server." type="pytest.skip">/home/travis/build/smarie/python-azureml-client/azmlclient/tests/clients/test_dummy_client.py:90: Batch mode is not implemented on this mock server.</skipped></testcase><testcase classname="azmlclient.tests.clients.test_dummy_client" file="azmlclient/tests/clients/test_dummy_client.py" line="101" name="test_client_call_remote_only[yaml]" time="0.00930333137512207"></testcase><testcase classname="azmlclient.tests.clients.test_dummy_client" file="azmlclient/tests/clients/test_dummy_client.py" line="101" name="test_client_call_remote_only[cfg]" time="0.006922006607055664"><system-err>[22/Apr/2020:14:58:32] ENGINE Bus STOPPING
[22/Apr/2020:14:58:32] ENGINE HTTP Server cherrypy._cpwsgi_server.CPWSGIServer((&apos;0.0.0.0&apos;, 4443)) shut down
[22/Apr/2020:14:58:32] ENGINE Stopped thread &apos;Autoreloader&apos;.
[22/Apr/2020:14:58:32] ENGINE Bus STOPPED
[22/Apr/2020:14:58:32] ENGINE Bus EXITING
[22/Apr/2020:14:58:32] ENGINE Bus EXITED
</system-err></testcase><testcase classname="azmlclient.tests.clients.test_readme" file="azmlclient/tests/clients/test_readme.py" line="8" name="test_readme_high_level_basic" time="0.24615836143493652"></testcase><testcase classname="azmlclient.tests.clients.test_readme" file="azmlclient/tests/clients/test_readme.py" line="60" name="test_readme_high_level_local" time="0.013185262680053711"></testcase><testcase classname="azmlclient.tests.databinding.test_databinding" file="azmlclient/tests/databinding/test_databinding.py" line="18" name="test_df_to_azmltable[dummy-replace_NaT_with=None-replace_NaN_with=None-swagger_mode_on=False]" time="0.0338594913482666"></testcase><testcase classname="azmlclient.tests.databinding.test_databinding" file="azmlclient/tests/databinding/test_databinding.py" line="18" name="test_df_to_azmltable[dummy-replace_NaT_with=None-replace_NaN_with=None-swagger_mode_on=True]" time="0.0227203369140625"></testcase><testcase classname="azmlclient.tests.databinding.test_databinding" file="azmlclient/tests/databinding/test_databinding.py" line="18" name="test_df_to_azmltable[dummy-replace_NaT_with=None-replace_NaN_with=null-swagger_mode_on=False]" time="0.022034168243408203"></testcase><testcase classname="azmlclient.tests.databinding.test_databinding" file="azmlclient/tests/databinding/test_databinding.py" line="18" name="test_df_to_azmltable[dummy-replace_NaT_with=None-replace_NaN_with=null-swagger_mode_on=True]" time="0.02260613441467285"></testcase><testcase classname="azmlclient.tests.databinding.test_databinding" file="azmlclient/tests/databinding/test_databinding.py" line="18" name="test_df_to_azmltable[dummy-replace_NaT_with=null-replace_NaN_with=None-swagger_mode_on=False]" time="0.01937079429626465"></testcase><testcase classname="azmlclient.tests.databinding.test_databinding" file="azmlclient/tests/databinding/test_databinding.py" line="18" name="test_df_to_azmltable[dummy-replace_NaT_with=null-replace_NaN_with=None-swagger_mode_on=True]" time="0.023645639419555664"></testcase><testcase classname="azmlclient.tests.databinding.test_databinding" file="azmlclient/tests/databinding/test_databinding.py" line="18" name="test_df_to_azmltable[dummy-replace_NaT_with=null-replace_NaN_with=null-swagger_mode_on=False]" time="0.023575782775878906"></testcase><testcase classname="azmlclient.tests.databinding.test_databinding" file="azmlclient/tests/databinding/test_databinding.py" line="18" name="test_df_to_azmltable[dummy-replace_NaT_with=null-replace_NaN_with=null-swagger_mode_on=True]" time="0.01969170570373535"></testcase><testcase classname="azmlclient.tests.databinding.test_databinding" file="azmlclient/tests/databinding/test_databinding.py" line="41" name="test_df_to_json[replace_NaT_with=None-replace_NaN_with=None-swagger=False-dummy]" time="0.022872209548950195"><system-out>Converted df -&gt; json:
{&quot;Values&quot;: [[&quot;2015-10-09T07:30:00+00:00&quot;, &quot;fo,o&quot;, 2.0, NaN, NaN, &quot;NaT&quot;], [&quot;2015-10-09T08:30:00+00:00&quot;, &quot;&apos;bar&apos;&quot;, -0.1, &quot;&apos;bar&apos;&quot;, -0.1, &quot;2015-10-09T08:30:00+00:00&quot;]], &quot;ColumnNames&quot;: [&quot;Datetime&quot;, &quot;att1_text_quotes&quot;, &quot;att2_float&quot;, &quot;att3_missing_text&quot;, &quot;att4_missing_float&quot;, &quot; att5_space_first_missing_datetime&quot;]}
</system-out></testcase><testcase classname="azmlclient.tests.databinding.test_databinding" file="azmlclient/tests/databinding/test_databinding.py" line="41" name="test_df_to_json[replace_NaT_with=None-replace_NaN_with=None-swagger=True-dummy]" time="0.0302121639251709"><system-out>Converted df -&gt; json:
[{&quot;Datetime&quot;: &quot;2015-10-09T07:30:00+00:00&quot;, &quot;att1_text_quotes&quot;: &quot;fo,o&quot;, &quot;att2_float&quot;: 2.0, &quot;att3_missing_text&quot;: NaN, &quot;att4_missing_float&quot;: NaN, &quot; att5_space_first_missing_datetime&quot;: &quot;NaT&quot;}, {&quot;Datetime&quot;: &quot;2015-10-09T08:30:00+00:00&quot;, &quot;att1_text_quotes&quot;: &quot;&apos;bar&apos;&quot;, &quot;att2_float&quot;: -0.1, &quot;att3_missing_text&quot;: &quot;&apos;bar&apos;&quot;, &quot;att4_missing_float&quot;: -0.1, &quot; att5_space_first_missing_datetime&quot;: &quot;2015-10-09T08:30:00+00:00&quot;}]
</system-out></testcase><testcase classname="azmlclient.tests.databinding.test_databinding" file="azmlclient/tests/databinding/test_databinding.py" line="41" name="test_df_to_json[replace_NaT_with=None-replace_NaN_with=null-swagger=False-dummy]" time="0.028653621673583984"><system-out>Converted df -&gt; json:
{&quot;Values&quot;: [[&quot;2015-10-09T07:30:00+00:00&quot;, &quot;fo,o&quot;, 2.0, &quot;null&quot;, &quot;null&quot;, &quot;NaT&quot;], [&quot;2015-10-09T08:30:00+00:00&quot;, &quot;&apos;bar&apos;&quot;, -0.1, &quot;&apos;bar&apos;&quot;, -0.1, &quot;2015-10-09T08:30:00+00:00&quot;]], &quot;ColumnNames&quot;: [&quot;Datetime&quot;, &quot;att1_text_quotes&quot;, &quot;att2_float&quot;, &quot;att3_missing_text&quot;, &quot;att4_missing_float&quot;, &quot; att5_space_first_missing_datetime&quot;]}
</system-out></testcase><testcase classname="azmlclient.tests.databinding.test_databinding" file="azmlclient/tests/databinding/test_databinding.py" line="41" name="test_df_to_json[replace_NaT_with=None-replace_NaN_with=null-swagger=True-dummy]" time="0.02605152130126953"><system-out>Converted df -&gt; json:
[{&quot;Datetime&quot;: &quot;2015-10-09T07:30:00+00:00&quot;, &quot;att1_text_quotes&quot;: &quot;fo,o&quot;, &quot;att2_float&quot;: 2.0, &quot;att3_missing_text&quot;: &quot;null&quot;, &quot;att4_missing_float&quot;: &quot;null&quot;, &quot; att5_space_first_missing_datetime&quot;: &quot;NaT&quot;}, {&quot;Datetime&quot;: &quot;2015-10-09T08:30:00+00:00&quot;, &quot;att1_text_quotes&quot;: &quot;&apos;bar&apos;&quot;, &quot;att2_float&quot;: -0.1, &quot;att3_missing_text&quot;: &quot;&apos;bar&apos;&quot;, &quot;att4_missing_float&quot;: -0.1, &quot; att5_space_first_missing_datetime&quot;: &quot;2015-10-09T08:30:00+00:00&quot;}]
</system-out></testcase><testcase classname="azmlclient.tests.databinding.test_databinding" file="azmlclient/tests/databinding/test_databinding.py" line="41" name="test_df_to_json[replace_NaT_with=null-replace_NaN_with=None-swagger=False-dummy]" time="0.025841951370239258"><system-out>Converted df -&gt; json:
{&quot;Values&quot;: [[&quot;2015-10-09T07:30:00+00:00&quot;, &quot;fo,o&quot;, 2.0, NaN, NaN, &quot;null&quot;], [&quot;2015-10-09T08:30:00+00:00&quot;, &quot;&apos;bar&apos;&quot;, -0.1, &quot;&apos;bar&apos;&quot;, -0.1, &quot;2015-10-09T08:30:00+00:00&quot;]], &quot;ColumnNames&quot;: [&quot;Datetime&quot;, &quot;att1_text_quotes&quot;, &quot;att2_float&quot;, &quot;att3_missing_text&quot;, &quot;att4_missing_float&quot;, &quot; att5_space_first_missing_datetime&quot;]}
</system-out></testcase><testcase classname="azmlclient.tests.databinding.test_databinding" file="azmlclient/tests/databinding/test_databinding.py" line="41" name="test_df_to_json[replace_NaT_with=null-replace_NaN_with=None-swagger=True-dummy]" time="0.02489304542541504"><system-out>Converted df -&gt; json:
[{&quot;Datetime&quot;: &quot;2015-10-09T07:30:00+00:00&quot;, &quot;att1_text_quotes&quot;: &quot;fo,o&quot;, &quot;att2_float&quot;: 2.0, &quot;att3_missing_text&quot;: NaN, &quot;att4_missing_float&quot;: NaN, &quot; att5_space_first_missing_datetime&quot;: &quot;null&quot;}, {&quot;Datetime&quot;: &quot;2015-10-09T08:30:00+00:00&quot;, &quot;att1_text_quotes&quot;: &quot;&apos;bar&apos;&quot;, &quot;att2_float&quot;: -0.1, &quot;att3_missing_text&quot;: &quot;&apos;bar&apos;&quot;, &quot;att4_missing_float&quot;: -0.1, &quot; att5_space_first_missing_datetime&quot;: &quot;2015-10-09T08:30:00+00:00&quot;}]
</system-out></testcase><testcase classname="azmlclient.tests.databinding.test_databinding" file="azmlclient/tests/databinding/test_databinding.py" line="41" name="test_df_to_json[replace_NaT_with=null-replace_NaN_with=null-swagger=False-dummy]" time="0.027611970901489258"><system-out>Converted df -&gt; json:
{&quot;Values&quot;: [[&quot;2015-10-09T07:30:00+00:00&quot;, &quot;fo,o&quot;, 2.0, &quot;null&quot;, &quot;null&quot;, &quot;null&quot;], [&quot;2015-10-09T08:30:00+00:00&quot;, &quot;&apos;bar&apos;&quot;, -0.1, &quot;&apos;bar&apos;&quot;, -0.1, &quot;2015-10-09T08:30:00+00:00&quot;]], &quot;ColumnNames&quot;: [&quot;Datetime&quot;, &quot;att1_text_quotes&quot;, &quot;att2_float&quot;, &quot;att3_missing_text&quot;, &quot;att4_missing_float&quot;, &quot; att5_space_first_missing_datetime&quot;]}
</system-out></testcase><testcase classname="azmlclient.tests.databinding.test_databinding" file="azmlclient/tests/databinding/test_databinding.py" line="41" name="test_df_to_json[replace_NaT_with=null-replace_NaN_with=null-swagger=True-dummy]" time="0.023656368255615234"><system-out>Converted df -&gt; json:
[{&quot;Datetime&quot;: &quot;2015-10-09T07:30:00+00:00&quot;, &quot;att1_text_quotes&quot;: &quot;fo,o&quot;, &quot;att2_float&quot;: 2.0, &quot;att3_missing_text&quot;: &quot;null&quot;, &quot;att4_missing_float&quot;: &quot;null&quot;, &quot; att5_space_first_missing_datetime&quot;: &quot;null&quot;}, {&quot;Datetime&quot;: &quot;2015-10-09T08:30:00+00:00&quot;, &quot;att1_text_quotes&quot;: &quot;&apos;bar&apos;&quot;, &quot;att2_float&quot;: -0.1, &quot;att3_missing_text&quot;: &quot;&apos;bar&apos;&quot;, &quot;att4_missing_float&quot;: -0.1, &quot; att5_space_first_missing_datetime&quot;: &quot;2015-10-09T08:30:00+00:00&quot;}]
</system-out></testcase><testcase classname="azmlclient.tests.databinding.test_databinding" file="azmlclient/tests/databinding/test_databinding.py" line="90" name="test_df_to_csv[dummy]" time="0.025030851364135742"><system-out>Converted df -&gt; csv:
Datetime,att1_text_quotes,att2_float,att3_missing_text,att4_missing_float, att5_space_first_missing_datetime
2015-10-09T07:30:00.000+0000,&quot;fo,o&quot;,2.0,,,
2015-10-09T08:30:00.000+0000,&apos;bar&apos;,-0.1,&apos;bar&apos;,-0.1,2015-10-09T08:30:00.000+0000

</system-out></testcase></testsuite>