<?xml version="1.0" encoding="utf-8"?><testsuite errors="0" failures="0" name="pytest" skips="2" tests="14" time="1.575"><testcase classname="azmlclient.tests.clients.test_configs" file="azmlclient/tests/clients/test_configs.py" line="3" name="test_empty_cfg" time="0.00655364990234375"></testcase><testcase classname="azmlclient.tests.clients.test_configs" file="azmlclient/tests/clients/test_configs.py" line="19" name="test_full_cfg" time="0.012875080108642578"></testcase><testcase classname="azmlclient.tests.clients.test_dummy_client" file="azmlclient/tests/clients/test_dummy_client.py" line="60" name="test_client_call_simple[yaml-mode=local]" time="0.1280536651611328"><system-out>adding columns
</system-out><system-err>[26/Apr/2019:14:50:03] ENGINE Listening for SIGTERM.
[26/Apr/2019:14:50:03] ENGINE Listening for SIGUSR1.
[26/Apr/2019:14:50:03] ENGINE Listening for SIGHUP.
[26/Apr/2019:14:50:03] ENGINE Bus STARTING
[26/Apr/2019:14:50:03] ENGINE Started monitor thread &apos;Autoreloader&apos;.
[26/Apr/2019:14:50:03] ENGINE Serving on https://0.0.0.0:4443
[26/Apr/2019:14:50:03] ENGINE Bus STARTED
</system-err></testcase><testcase classname="azmlclient.tests.clients.test_dummy_client" file="azmlclient/tests/clients/test_dummy_client.py" line="60" name="test_client_call_simple[yaml-mode=RR]" time="0.03208422660827637"><system-out>send: b&apos;POST /a_plus_b/execute?api-version=2.0&amp;details=true HTTP/1.1\r\nHost: localhost:4443\r\nAccept-Encoding: gzip, deflate\r\nUser-Agent: python-requests/2.21.0\r\nConnection: keep-alive\r\nAccept: */*\r\nAuthorization: Bearer none\r\nContent-Type: application/json; charset=utf-8\r\nContent-Length: 139\r\n\r\n&apos;
send: b&apos;{&quot;GlobalParameters&quot;: {&quot;a_name&quot;: &quot;x&quot;, &quot;b_name&quot;: &quot;y&quot;}, &quot;Inputs&quot;: {&quot;input&quot;: {&quot;Values&quot;: [[1, 0], [2, 5], [3, 10]], &quot;ColumnNames&quot;: [&quot;x&quot;, &quot;y&quot;]}}}&apos;
adding columns
127.0.0.1 - - [26/Apr/2019:14:50:03] &quot;POST /a_plus_b/execute?api-version=2.0&amp;details=true HTTP/1.1&quot; 200 105 &quot;&quot; &quot;python-requests/2.21.0&quot;
reply: &apos;HTTP/1.1 200 OK\r\n&apos;
header: Date header: Content-Type header: Allow header: Content-Length header: Server </system-out><system-err>[26/Apr/2019:14:50:03]  [a_plus_b] was asked to execute with params {&apos;api-version&apos;: &apos;2.0&apos;, &apos;details&apos;: &apos;true&apos;}
</system-err></testcase><testcase classname="azmlclient.tests.clients.test_dummy_client" file="azmlclient/tests/clients/test_dummy_client.py" line="60" name="test_client_call_simple[yaml-mode=Batch]" time="0.011269569396972656"><skipped message="Batch mode is not implemented on this mock server." type="pytest.skip">/home/travis/build/smarie/python-azureml-client/azmlclient/tests/clients/test_dummy_client.py:77: &lt;py._xmlgen.raw object at 0x7f0070142a58&gt;</skipped></testcase><testcase classname="azmlclient.tests.clients.test_dummy_client" file="azmlclient/tests/clients/test_dummy_client.py" line="60" name="test_client_call_simple[cfg-mode=local]" time="0.009049654006958008"><system-out>adding columns
</system-out></testcase><testcase classname="azmlclient.tests.clients.test_dummy_client" file="azmlclient/tests/clients/test_dummy_client.py" line="60" name="test_client_call_simple[cfg-mode=RR]" time="0.02579808235168457"><system-out>send: b&apos;POST /a_plus_b/execute?api-version=2.0&amp;details=true HTTP/1.1\r\nHost: localhost:4443\r\nAccept-Encoding: gzip, deflate\r\nUser-Agent: python-requests/2.21.0\r\nConnection: keep-alive\r\nAccept: */*\r\nAuthorization: Bearer none\r\nContent-Type: application/json; charset=utf-8\r\nContent-Length: 139\r\n\r\n&apos;
send: b&apos;{&quot;GlobalParameters&quot;: {&quot;a_name&quot;: &quot;x&quot;, &quot;b_name&quot;: &quot;y&quot;}, &quot;Inputs&quot;: {&quot;input&quot;: {&quot;Values&quot;: [[1, 0], [2, 5], [3, 10]], &quot;ColumnNames&quot;: [&quot;x&quot;, &quot;y&quot;]}}}&apos;
adding columns
127.0.0.1 - - [26/Apr/2019:14:50:03] &quot;POST /a_plus_b/execute?api-version=2.0&amp;details=true HTTP/1.1&quot; 200 105 &quot;&quot; &quot;python-requests/2.21.0&quot;
reply: &apos;HTTP/1.1 200 OK\r\n&apos;
header: Date header: Content-Type header: Allow header: Content-Length header: Server </system-out><system-err>[26/Apr/2019:14:50:03]  [a_plus_b] was asked to execute with params {&apos;api-version&apos;: &apos;2.0&apos;, &apos;details&apos;: &apos;true&apos;}
</system-err></testcase><testcase classname="azmlclient.tests.clients.test_dummy_client" file="azmlclient/tests/clients/test_dummy_client.py" line="60" name="test_client_call_simple[cfg-mode=Batch]" time="0.008391141891479492"><skipped message="Batch mode is not implemented on this mock server." type="pytest.skip">/home/travis/build/smarie/python-azureml-client/azmlclient/tests/clients/test_dummy_client.py:77: &lt;py._xmlgen.raw object at 0x7f0070142cf8&gt;</skipped><system-err>[26/Apr/2019:14:50:03] ENGINE Bus STOPPING
[26/Apr/2019:14:50:03] ENGINE HTTP Server cherrypy._cpwsgi_server.CPWSGIServer((&apos;0.0.0.0&apos;, 4443)) shut down
[26/Apr/2019:14:50:03] ENGINE Stopped thread &apos;Autoreloader&apos;.
[26/Apr/2019:14:50:03] ENGINE Bus STOPPED
[26/Apr/2019:14:50:03] ENGINE Bus EXITING
[26/Apr/2019:14:50:03] ENGINE Bus EXITED
</system-err></testcase><testcase classname="azmlclient.tests.clients.test_readme" file="azmlclient/tests/clients/test_readme.py" line="8" name="test_readme_high_level_basic" time="0.040750980377197266"></testcase><testcase classname="azmlclient.tests.clients.test_readme" file="azmlclient/tests/clients/test_readme.py" line="60" name="test_readme_high_level_local" time="0.011326074600219727"></testcase><testcase classname="azmlclient.tests.databinding.test_databinding" file="azmlclient/tests/databinding/test_databinding.py" line="18" name="test_df_to_azmltable[dummy]" time="0.038741350173950195"></testcase><testcase classname="azmlclient.tests.databinding.test_databinding" file="azmlclient/tests/databinding/test_databinding.py" line="28" name="test_df_to_json[dummy-swagger=False]" time="0.03020310401916504"><system-out>Converted df -&gt; json:
{&quot;Values&quot;: [[&quot;2015-10-09T07:30:00+00:00&quot;, &quot;fo,o&quot;, 2.0, NaN, NaN, &quot;NaT&quot;], [&quot;2015-10-09T08:30:00+00:00&quot;, &quot;&apos;bar&apos;&quot;, -0.1, &quot;&apos;bar&apos;&quot;, -0.1, &quot;2015-10-09T08:30:00+00:00&quot;]], &quot;ColumnNames&quot;: [&quot;Datetime&quot;, &quot;att1_text_quotes&quot;, &quot;att2_float&quot;, &quot;att3_missing_text&quot;, &quot;att4_missing_float&quot;, &quot; att5_space_first_missing_datetime&quot;]}
</system-out></testcase><testcase classname="azmlclient.tests.databinding.test_databinding" file="azmlclient/tests/databinding/test_databinding.py" line="28" name="test_df_to_json[dummy-swagger=True]" time="0.030202150344848633"><system-out>Converted df -&gt; json:
[{&quot;Datetime&quot;: &quot;2015-10-09T07:30:00+00:00&quot;, &quot;att1_text_quotes&quot;: &quot;fo,o&quot;, &quot;att2_float&quot;: 2.0, &quot;att3_missing_text&quot;: NaN, &quot;att4_missing_float&quot;: NaN, &quot; att5_space_first_missing_datetime&quot;: &quot;NaT&quot;}, {&quot;Datetime&quot;: &quot;2015-10-09T08:30:00+00:00&quot;, &quot;att1_text_quotes&quot;: &quot;&apos;bar&apos;&quot;, &quot;att2_float&quot;: -0.1, &quot;att3_missing_text&quot;: &quot;&apos;bar&apos;&quot;, &quot;att4_missing_float&quot;: -0.1, &quot; att5_space_first_missing_datetime&quot;: &quot;2015-10-09T08:30:00+00:00&quot;}]
</system-out></testcase><testcase classname="azmlclient.tests.databinding.test_databinding" file="azmlclient/tests/databinding/test_databinding.py" line="47" name="test_df_to_csv[dummy]" time="0.030609130859375"><system-out>Converted df -&gt; csv:
Datetime,att1_text_quotes,att2_float,att3_missing_text,att4_missing_float, att5_space_first_missing_datetime
2015-10-09T07:30:00.000+0000,&quot;fo,o&quot;,2.0,,,
2015-10-09T08:30:00.000+0000,&apos;bar&apos;,-0.1,&apos;bar&apos;,-0.1,2015-10-09T08:30:00.000+0000

</system-out></testcase></testsuite>