<?xml version="1.0" encoding="utf-8"?><testsuite errors="0" failures="0" name="pytest" skips="2" tests="18" time="1.577"><testcase classname="azmlclient.tests.clients.test_configs" file="azmlclient/tests/clients/test_configs.py" line="6" name="test_empty_cfg" time="0.019016027450561523"></testcase><testcase classname="azmlclient.tests.clients.test_configs" file="azmlclient/tests/clients/test_configs.py" line="39" name="test_full_cfg" time="0.013457775115966797"></testcase><testcase classname="azmlclient.tests.clients.test_dummy_client" file="azmlclient/tests/clients/test_dummy_client.py" line="68" name="test_client_call_simple[yaml-call_mode=local-swagger_format=None]" time="0.12903571128845215"><system-out>adding columns
</system-out><system-err>[01/Oct/2019:13:31:29] ENGINE Listening for SIGUSR1.
[01/Oct/2019:13:31:29] ENGINE Listening for SIGHUP.
[01/Oct/2019:13:31:29] ENGINE Listening for SIGTERM.
[01/Oct/2019:13:31:29] ENGINE Bus STARTING
[01/Oct/2019:13:31:29] ENGINE Started monitor thread &apos;Autoreloader&apos;.
[01/Oct/2019:13:31:29] ENGINE Serving on https://0.0.0.0:4443
[01/Oct/2019:13:31:29] ENGINE Bus STARTED
</system-err></testcase><testcase classname="azmlclient.tests.clients.test_dummy_client" file="azmlclient/tests/clients/test_dummy_client.py" line="68" name="test_client_call_simple[yaml-call_mode=RR-swagger_format=False]" time="0.036057472229003906"><system-out>send: b&apos;POST /a_plus_b/execute?api-version=2.0&amp;details=true HTTP/1.1\r\nHost: localhost:4443\r\nAccept: */*\r\nUser-Agent: python-requests/2.22.0\r\nAccept-Encoding: gzip, deflate\r\nConnection: keep-alive\r\nContent-Type: application/json; charset=utf-8\r\nAuthorization: Bearer none\r\nContent-Length: 139\r\n\r\n&apos;
send: b&apos;{&quot;GlobalParameters&quot;: {&quot;a_name&quot;: &quot;x&quot;, &quot;b_name&quot;: &quot;y&quot;}, &quot;Inputs&quot;: {&quot;input&quot;: {&quot;ColumnNames&quot;: [&quot;x&quot;, &quot;y&quot;], &quot;Values&quot;: [[1, 0], [2, 5], [3, 10]]}}}&apos;
adding columns
127.0.0.1 - - [01/Oct/2019:13:31:29] &quot;POST /a_plus_b/execute?api-version=2.0&amp;details=true HTTP/1.1&quot; 200 105 &quot;&quot; &quot;python-requests/2.22.0&quot;
reply: &apos;HTTP/1.1 200 OK\r\n&apos;
header: Content-Length header: Content-Type header: Date header: Server header: Allow </system-out><system-err>[01/Oct/2019:13:31:29]  [a_plus_b] was asked to execute with params {&apos;api-version&apos;: &apos;2.0&apos;, &apos;details&apos;: &apos;true&apos;}
</system-err></testcase><testcase classname="azmlclient.tests.clients.test_dummy_client" file="azmlclient/tests/clients/test_dummy_client.py" line="68" name="test_client_call_simple[yaml-call_mode=RR-swagger_format=True]" time="0.03442740440368652"><system-out>send: b&apos;POST /a_plus_b/execute?api-version=2.0&amp;details=true&amp;format=swagger HTTP/1.1\r\nHost: localhost:4443\r\nAccept: */*\r\nUser-Agent: python-requests/2.22.0\r\nAccept-Encoding: gzip, deflate\r\nConnection: keep-alive\r\nContent-Type: application/json; charset=utf-8\r\nAuthorization: Bearer none\r\nContent-Length: 130\r\n\r\n&apos;
send: b&apos;{&quot;GlobalParameters&quot;: {&quot;a_name&quot;: &quot;x&quot;, &quot;b_name&quot;: &quot;y&quot;}, &quot;Inputs&quot;: {&quot;input&quot;: [{&quot;x&quot;: 1, &quot;y&quot;: 0}, {&quot;x&quot;: 2, &quot;y&quot;: 5}, {&quot;x&quot;: 3, &quot;y&quot;: 10}]}}&apos;
adding columns
127.0.0.1 - - [01/Oct/2019:13:31:29] &quot;POST /a_plus_b/execute?api-version=2.0&amp;details=true&amp;format=swagger HTTP/1.1&quot; 200 90 &quot;&quot; &quot;python-requests/2.22.0&quot;
reply: &apos;HTTP/1.1 200 OK\r\n&apos;
header: Content-Length header: Content-Type header: Date header: Server header: Allow </system-out><system-err>[01/Oct/2019:13:31:29]  [a_plus_b] was asked to execute with params {&apos;api-version&apos;: &apos;2.0&apos;, &apos;format&apos;: &apos;swagger&apos;, &apos;details&apos;: &apos;true&apos;}
</system-err></testcase><testcase classname="azmlclient.tests.clients.test_dummy_client" file="azmlclient/tests/clients/test_dummy_client.py" line="68" name="test_client_call_simple[yaml-call_mode=Batch-swagger_format=None]" time="0.01202535629272461"><skipped message="Batch mode is not implemented on this mock server." type="pytest.skip">/home/travis/build/smarie/python-azureml-client/azmlclient/tests/clients/test_dummy_client.py:90: Batch mode is not implemented on this mock server.</skipped></testcase><testcase classname="azmlclient.tests.clients.test_dummy_client" file="azmlclient/tests/clients/test_dummy_client.py" line="68" name="test_client_call_simple[cfg-call_mode=local-swagger_format=None]" time="0.009462594985961914"><system-out>adding columns
</system-out></testcase><testcase classname="azmlclient.tests.clients.test_dummy_client" file="azmlclient/tests/clients/test_dummy_client.py" line="68" name="test_client_call_simple[cfg-call_mode=RR-swagger_format=False]" time="0.02560877799987793"><system-out>send: b&apos;POST /a_plus_b/execute?api-version=2.0&amp;details=true HTTP/1.1\r\nHost: localhost:4443\r\nAccept: */*\r\nUser-Agent: python-requests/2.22.0\r\nAccept-Encoding: gzip, deflate\r\nConnection: keep-alive\r\nContent-Type: application/json; charset=utf-8\r\nAuthorization: Bearer none\r\nContent-Length: 139\r\n\r\n&apos;
send: b&apos;{&quot;GlobalParameters&quot;: {&quot;a_name&quot;: &quot;x&quot;, &quot;b_name&quot;: &quot;y&quot;}, &quot;Inputs&quot;: {&quot;input&quot;: {&quot;ColumnNames&quot;: [&quot;x&quot;, &quot;y&quot;], &quot;Values&quot;: [[1, 0], [2, 5], [3, 10]]}}}&apos;
adding columns
127.0.0.1 - - [01/Oct/2019:13:31:29] &quot;POST /a_plus_b/execute?api-version=2.0&amp;details=true HTTP/1.1&quot; 200 105 &quot;&quot; &quot;python-requests/2.22.0&quot;
reply: &apos;HTTP/1.1 200 OK\r\n&apos;
header: Content-Length header: Content-Type header: Date header: Server header: Allow </system-out><system-err>[01/Oct/2019:13:31:29]  [a_plus_b] was asked to execute with params {&apos;api-version&apos;: &apos;2.0&apos;, &apos;details&apos;: &apos;true&apos;}
</system-err></testcase><testcase classname="azmlclient.tests.clients.test_dummy_client" file="azmlclient/tests/clients/test_dummy_client.py" line="68" name="test_client_call_simple[cfg-call_mode=RR-swagger_format=True]" time="0.026642322540283203"><system-out>send: b&apos;POST /a_plus_b/execute?api-version=2.0&amp;details=true&amp;format=swagger HTTP/1.1\r\nHost: localhost:4443\r\nAccept: */*\r\nUser-Agent: python-requests/2.22.0\r\nAccept-Encoding: gzip, deflate\r\nConnection: keep-alive\r\nContent-Type: application/json; charset=utf-8\r\nAuthorization: Bearer none\r\nContent-Length: 130\r\n\r\n&apos;
send: b&apos;{&quot;GlobalParameters&quot;: {&quot;a_name&quot;: &quot;x&quot;, &quot;b_name&quot;: &quot;y&quot;}, &quot;Inputs&quot;: {&quot;input&quot;: [{&quot;x&quot;: 1, &quot;y&quot;: 0}, {&quot;x&quot;: 2, &quot;y&quot;: 5}, {&quot;x&quot;: 3, &quot;y&quot;: 10}]}}&apos;
adding columns
127.0.0.1 - - [01/Oct/2019:13:31:29] &quot;POST /a_plus_b/execute?api-version=2.0&amp;details=true&amp;format=swagger HTTP/1.1&quot; 200 90 &quot;&quot; &quot;python-requests/2.22.0&quot;
reply: &apos;HTTP/1.1 200 OK\r\n&apos;
header: Content-Length header: Content-Type header: Date header: Server header: Allow </system-out><system-err>[01/Oct/2019:13:31:29]  [a_plus_b] was asked to execute with params {&apos;api-version&apos;: &apos;2.0&apos;, &apos;format&apos;: &apos;swagger&apos;, &apos;details&apos;: &apos;true&apos;}
</system-err></testcase><testcase classname="azmlclient.tests.clients.test_dummy_client" file="azmlclient/tests/clients/test_dummy_client.py" line="68" name="test_client_call_simple[cfg-call_mode=Batch-swagger_format=None]" time="0.00718235969543457"><skipped message="Batch mode is not implemented on this mock server." type="pytest.skip">/home/travis/build/smarie/python-azureml-client/azmlclient/tests/clients/test_dummy_client.py:90: Batch mode is not implemented on this mock server.</skipped></testcase><testcase classname="azmlclient.tests.clients.test_dummy_client" file="azmlclient/tests/clients/test_dummy_client.py" line="101" name="test_client_call_remote_only[yaml]" time="0.010394811630249023"></testcase><testcase classname="azmlclient.tests.clients.test_dummy_client" file="azmlclient/tests/clients/test_dummy_client.py" line="101" name="test_client_call_remote_only[cfg]" time="0.00867319107055664"><system-err>[01/Oct/2019:13:31:29] ENGINE Bus STOPPING
[01/Oct/2019:13:31:29] ENGINE HTTP Server cherrypy._cpwsgi_server.CPWSGIServer((&apos;0.0.0.0&apos;, 4443)) shut down
[01/Oct/2019:13:31:29] ENGINE Stopped thread &apos;Autoreloader&apos;.
[01/Oct/2019:13:31:29] ENGINE Bus STOPPED
[01/Oct/2019:13:31:29] ENGINE Bus EXITING
[01/Oct/2019:13:31:29] ENGINE Bus EXITED
</system-err></testcase><testcase classname="azmlclient.tests.clients.test_readme" file="azmlclient/tests/clients/test_readme.py" line="8" name="test_readme_high_level_basic" time="0.016732454299926758"></testcase><testcase classname="azmlclient.tests.clients.test_readme" file="azmlclient/tests/clients/test_readme.py" line="60" name="test_readme_high_level_local" time="0.013503313064575195"></testcase><testcase classname="azmlclient.tests.databinding.test_databinding" file="azmlclient/tests/databinding/test_databinding.py" line="18" name="test_df_to_azmltable[dummy]" time="0.03556108474731445"></testcase><testcase classname="azmlclient.tests.databinding.test_databinding" file="azmlclient/tests/databinding/test_databinding.py" line="28" name="test_df_to_json[swagger=False-dummy]" time="0.027988910675048828"><system-out>Converted df -&gt; json:
{&quot;ColumnNames&quot;: [&quot;Datetime&quot;, &quot;att1_text_quotes&quot;, &quot;att2_float&quot;, &quot;att3_missing_text&quot;, &quot;att4_missing_float&quot;, &quot; att5_space_first_missing_datetime&quot;], &quot;Values&quot;: [[&quot;2015-10-09T07:30:00+00:00&quot;, &quot;fo,o&quot;, 2.0, NaN, NaN, &quot;NaT&quot;], [&quot;2015-10-09T08:30:00+00:00&quot;, &quot;&apos;bar&apos;&quot;, -0.1, &quot;&apos;bar&apos;&quot;, -0.1, &quot;2015-10-09T08:30:00+00:00&quot;]]}
</system-out></testcase><testcase classname="azmlclient.tests.databinding.test_databinding" file="azmlclient/tests/databinding/test_databinding.py" line="28" name="test_df_to_json[swagger=True-dummy]" time="0.02782154083251953"><system-out>Converted df -&gt; json:
[{&quot;Datetime&quot;: &quot;2015-10-09T07:30:00+00:00&quot;, &quot;att1_text_quotes&quot;: &quot;fo,o&quot;, &quot;att2_float&quot;: 2.0, &quot;att3_missing_text&quot;: NaN, &quot;att4_missing_float&quot;: NaN, &quot; att5_space_first_missing_datetime&quot;: &quot;NaT&quot;}, {&quot;Datetime&quot;: &quot;2015-10-09T08:30:00+00:00&quot;, &quot;att1_text_quotes&quot;: &quot;&apos;bar&apos;&quot;, &quot;att2_float&quot;: -0.1, &quot;att3_missing_text&quot;: &quot;&apos;bar&apos;&quot;, &quot;att4_missing_float&quot;: -0.1, &quot; att5_space_first_missing_datetime&quot;: &quot;2015-10-09T08:30:00+00:00&quot;}]
</system-out></testcase><testcase classname="azmlclient.tests.databinding.test_databinding" file="azmlclient/tests/databinding/test_databinding.py" line="47" name="test_df_to_csv[dummy]" time="0.029291152954101562"><system-out>Converted df -&gt; csv:
Datetime,att1_text_quotes,att2_float,att3_missing_text,att4_missing_float, att5_space_first_missing_datetime
2015-10-09T07:30:00.000+0000,&quot;fo,o&quot;,2.0,,,
2015-10-09T08:30:00.000+0000,&apos;bar&apos;,-0.1,&apos;bar&apos;,-0.1,2015-10-09T08:30:00.000+0000

</system-out></testcase></testsuite>