<?xml version="1.0" encoding="utf-8"?><testsuite errors="0" failures="0" name="pytest" skips="2" tests="18" time="1.852"><testcase classname="azmlclient.tests.clients.test_configs" file="azmlclient/tests/clients/test_configs.py" line="3" name="test_empty_cfg" time="0.005655050277709961"></testcase><testcase classname="azmlclient.tests.clients.test_configs" file="azmlclient/tests/clients/test_configs.py" line="19" name="test_full_cfg" time="0.013161420822143555"></testcase><testcase classname="azmlclient.tests.clients.test_dummy_client" file="azmlclient/tests/clients/test_dummy_client.py" line="68" name="test_client_call_simple[yaml-call_mode=local-swagger_format=None]" time="0.13005709648132324"><system-out>adding columns
</system-out><system-err>[29/May/2019:14:23:16] ENGINE Listening for SIGTERM.
[29/May/2019:14:23:16] ENGINE Listening for SIGUSR1.
[29/May/2019:14:23:16] ENGINE Listening for SIGHUP.
[29/May/2019:14:23:16] ENGINE Bus STARTING
[29/May/2019:14:23:16] ENGINE Started monitor thread &apos;Autoreloader&apos;.
[29/May/2019:14:23:16] ENGINE Serving on https://0.0.0.0:4443
[29/May/2019:14:23:16] ENGINE Bus STARTED
</system-err></testcase><testcase classname="azmlclient.tests.clients.test_dummy_client" file="azmlclient/tests/clients/test_dummy_client.py" line="68" name="test_client_call_simple[yaml-call_mode=RR-swagger_format=False]" time="0.03827857971191406"><system-out>send: b&apos;POST /a_plus_b/execute?api-version=2.0&amp;details=true HTTP/1.1\r\nHost: localhost:4443\r\nUser-Agent: python-requests/2.22.0\r\nConnection: keep-alive\r\nAccept-Encoding: gzip, deflate\r\nAccept: */*\r\nAuthorization: Bearer none\r\nContent-Type: application/json; charset=utf-8\r\nContent-Length: 139\r\n\r\n&apos;
send: b&apos;{&quot;Inputs&quot;: {&quot;input&quot;: {&quot;ColumnNames&quot;: [&quot;x&quot;, &quot;y&quot;], &quot;Values&quot;: [[1, 0], [2, 5], [3, 10]]}}, &quot;GlobalParameters&quot;: {&quot;b_name&quot;: &quot;y&quot;, &quot;a_name&quot;: &quot;x&quot;}}&apos;
adding columns
127.0.0.1 - - [29/May/2019:14:23:16] &quot;POST /a_plus_b/execute?api-version=2.0&amp;details=true HTTP/1.1&quot; 200 105 &quot;&quot; &quot;python-requests/2.22.0&quot;
reply: &apos;HTTP/1.1 200 OK\r\n&apos;
header: Content-Length header: Server header: Allow header: Content-Type header: Date </system-out><system-err>[29/May/2019:14:23:16]  [a_plus_b] was asked to execute with params {&apos;api-version&apos;: &apos;2.0&apos;, &apos;details&apos;: &apos;true&apos;}
</system-err></testcase><testcase classname="azmlclient.tests.clients.test_dummy_client" file="azmlclient/tests/clients/test_dummy_client.py" line="68" name="test_client_call_simple[yaml-call_mode=RR-swagger_format=True]" time="0.03683781623840332"><system-out>send: b&apos;POST /a_plus_b/execute?api-version=2.0&amp;details=true&amp;format=swagger HTTP/1.1\r\nHost: localhost:4443\r\nUser-Agent: python-requests/2.22.0\r\nConnection: keep-alive\r\nAccept-Encoding: gzip, deflate\r\nAccept: */*\r\nAuthorization: Bearer none\r\nContent-Type: application/json; charset=utf-8\r\nContent-Length: 130\r\n\r\n&apos;
send: b&apos;{&quot;Inputs&quot;: {&quot;input&quot;: [{&quot;x&quot;: 1, &quot;y&quot;: 0}, {&quot;x&quot;: 2, &quot;y&quot;: 5}, {&quot;x&quot;: 3, &quot;y&quot;: 10}]}, &quot;GlobalParameters&quot;: {&quot;b_name&quot;: &quot;y&quot;, &quot;a_name&quot;: &quot;x&quot;}}&apos;
adding columns
127.0.0.1 - - [29/May/2019:14:23:17] &quot;POST /a_plus_b/execute?api-version=2.0&amp;details=true&amp;format=swagger HTTP/1.1&quot; 200 90 &quot;&quot; &quot;python-requests/2.22.0&quot;
reply: &apos;HTTP/1.1 200 OK\r\n&apos;
header: Content-Length header: Server header: Allow header: Content-Type header: Date </system-out><system-err>[29/May/2019:14:23:17]  [a_plus_b] was asked to execute with params {&apos;api-version&apos;: &apos;2.0&apos;, &apos;details&apos;: &apos;true&apos;, &apos;format&apos;: &apos;swagger&apos;}
</system-err></testcase><testcase classname="azmlclient.tests.clients.test_dummy_client" file="azmlclient/tests/clients/test_dummy_client.py" line="68" name="test_client_call_simple[yaml-call_mode=Batch-swagger_format=None]" time="0.012534379959106445"><skipped message="Batch mode is not implemented on this mock server." type="pytest.skip">/home/travis/build/smarie/python-azureml-client/azmlclient/tests/clients/test_dummy_client.py:90: &lt;py._xmlgen.raw object at 0x7f9a8c0cbb70&gt;</skipped></testcase><testcase classname="azmlclient.tests.clients.test_dummy_client" file="azmlclient/tests/clients/test_dummy_client.py" line="68" name="test_client_call_simple[cfg-call_mode=local-swagger_format=None]" time="0.010376214981079102"><system-out>adding columns
</system-out></testcase><testcase classname="azmlclient.tests.clients.test_dummy_client" file="azmlclient/tests/clients/test_dummy_client.py" line="68" name="test_client_call_simple[cfg-call_mode=RR-swagger_format=False]" time="0.02884507179260254"><system-out>send: b&apos;POST /a_plus_b/execute?api-version=2.0&amp;details=true HTTP/1.1\r\nHost: localhost:4443\r\nUser-Agent: python-requests/2.22.0\r\nConnection: keep-alive\r\nAccept-Encoding: gzip, deflate\r\nAccept: */*\r\nAuthorization: Bearer none\r\nContent-Type: application/json; charset=utf-8\r\nContent-Length: 139\r\n\r\n&apos;
send: b&apos;{&quot;Inputs&quot;: {&quot;input&quot;: {&quot;ColumnNames&quot;: [&quot;x&quot;, &quot;y&quot;], &quot;Values&quot;: [[1, 0], [2, 5], [3, 10]]}}, &quot;GlobalParameters&quot;: {&quot;b_name&quot;: &quot;y&quot;, &quot;a_name&quot;: &quot;x&quot;}}&apos;
adding columns
127.0.0.1 - - [29/May/2019:14:23:17] &quot;POST /a_plus_b/execute?api-version=2.0&amp;details=true HTTP/1.1&quot; 200 105 &quot;&quot; &quot;python-requests/2.22.0&quot;
reply: &apos;HTTP/1.1 200 OK\r\n&apos;
header: Content-Length header: Server header: Allow header: Content-Type header: Date </system-out><system-err>[29/May/2019:14:23:17]  [a_plus_b] was asked to execute with params {&apos;api-version&apos;: &apos;2.0&apos;, &apos;details&apos;: &apos;true&apos;}
</system-err></testcase><testcase classname="azmlclient.tests.clients.test_dummy_client" file="azmlclient/tests/clients/test_dummy_client.py" line="68" name="test_client_call_simple[cfg-call_mode=RR-swagger_format=True]" time="0.03146481513977051"><system-out>send: b&apos;POST /a_plus_b/execute?api-version=2.0&amp;details=true&amp;format=swagger HTTP/1.1\r\nHost: localhost:4443\r\nUser-Agent: python-requests/2.22.0\r\nConnection: keep-alive\r\nAccept-Encoding: gzip, deflate\r\nAccept: */*\r\nAuthorization: Bearer none\r\nContent-Type: application/json; charset=utf-8\r\nContent-Length: 130\r\n\r\n&apos;
send: b&apos;{&quot;Inputs&quot;: {&quot;input&quot;: [{&quot;x&quot;: 1, &quot;y&quot;: 0}, {&quot;x&quot;: 2, &quot;y&quot;: 5}, {&quot;x&quot;: 3, &quot;y&quot;: 10}]}, &quot;GlobalParameters&quot;: {&quot;b_name&quot;: &quot;y&quot;, &quot;a_name&quot;: &quot;x&quot;}}&apos;
adding columns
127.0.0.1 - - [29/May/2019:14:23:17] &quot;POST /a_plus_b/execute?api-version=2.0&amp;details=true&amp;format=swagger HTTP/1.1&quot; 200 90 &quot;&quot; &quot;python-requests/2.22.0&quot;
reply: &apos;HTTP/1.1 200 OK\r\n&apos;
header: Content-Length header: Server header: Allow header: Content-Type header: Date </system-out><system-err>[29/May/2019:14:23:17]  [a_plus_b] was asked to execute with params {&apos;api-version&apos;: &apos;2.0&apos;, &apos;details&apos;: &apos;true&apos;, &apos;format&apos;: &apos;swagger&apos;}
</system-err></testcase><testcase classname="azmlclient.tests.clients.test_dummy_client" file="azmlclient/tests/clients/test_dummy_client.py" line="68" name="test_client_call_simple[cfg-call_mode=Batch-swagger_format=None]" time="0.007111072540283203"><skipped message="Batch mode is not implemented on this mock server." type="pytest.skip">/home/travis/build/smarie/python-azureml-client/azmlclient/tests/clients/test_dummy_client.py:90: &lt;py._xmlgen.raw object at 0x7f9a8e92d208&gt;</skipped></testcase><testcase classname="azmlclient.tests.clients.test_dummy_client" file="azmlclient/tests/clients/test_dummy_client.py" line="101" name="test_client_call_remote_only[yaml]" time="0.0110321044921875"></testcase><testcase classname="azmlclient.tests.clients.test_dummy_client" file="azmlclient/tests/clients/test_dummy_client.py" line="101" name="test_client_call_remote_only[cfg]" time="0.007344484329223633"><system-err>[29/May/2019:14:23:17] ENGINE Bus STOPPING
[29/May/2019:14:23:17] ENGINE HTTP Server cherrypy._cpwsgi_server.CPWSGIServer((&apos;0.0.0.0&apos;, 4443)) shut down
[29/May/2019:14:23:17] ENGINE Stopped thread &apos;Autoreloader&apos;.
[29/May/2019:14:23:17] ENGINE Bus STOPPED
[29/May/2019:14:23:17] ENGINE Bus EXITING
[29/May/2019:14:23:17] ENGINE Bus EXITED
</system-err></testcase><testcase classname="azmlclient.tests.clients.test_readme" file="azmlclient/tests/clients/test_readme.py" line="8" name="test_readme_high_level_basic" time="0.04325437545776367"></testcase><testcase classname="azmlclient.tests.clients.test_readme" file="azmlclient/tests/clients/test_readme.py" line="60" name="test_readme_high_level_local" time="0.016317367553710938"></testcase><testcase classname="azmlclient.tests.databinding.test_databinding" file="azmlclient/tests/databinding/test_databinding.py" line="18" name="test_df_to_azmltable[dummy]" time="0.04075765609741211"></testcase><testcase classname="azmlclient.tests.databinding.test_databinding" file="azmlclient/tests/databinding/test_databinding.py" line="28" name="test_df_to_json[dummy-swagger=False]" time="0.029546737670898438"><system-out>Converted df -&gt; json:
{&quot;ColumnNames&quot;: [&quot;Datetime&quot;, &quot;att1_text_quotes&quot;, &quot;att2_float&quot;, &quot;att3_missing_text&quot;, &quot;att4_missing_float&quot;, &quot; att5_space_first_missing_datetime&quot;], &quot;Values&quot;: [[&quot;2015-10-09T07:30:00+00:00&quot;, &quot;fo,o&quot;, 2.0, NaN, NaN, &quot;NaT&quot;], [&quot;2015-10-09T08:30:00+00:00&quot;, &quot;&apos;bar&apos;&quot;, -0.1, &quot;&apos;bar&apos;&quot;, -0.1, &quot;2015-10-09T08:30:00+00:00&quot;]]}
</system-out></testcase><testcase classname="azmlclient.tests.databinding.test_databinding" file="azmlclient/tests/databinding/test_databinding.py" line="28" name="test_df_to_json[dummy-swagger=True]" time="0.03284597396850586"><system-out>Converted df -&gt; json:
[{&quot;Datetime&quot;: &quot;2015-10-09T07:30:00+00:00&quot;, &quot;att1_text_quotes&quot;: &quot;fo,o&quot;, &quot;att2_float&quot;: 2.0, &quot;att3_missing_text&quot;: NaN, &quot;att4_missing_float&quot;: NaN, &quot; att5_space_first_missing_datetime&quot;: &quot;NaT&quot;}, {&quot;Datetime&quot;: &quot;2015-10-09T08:30:00+00:00&quot;, &quot;att1_text_quotes&quot;: &quot;&apos;bar&apos;&quot;, &quot;att2_float&quot;: -0.1, &quot;att3_missing_text&quot;: &quot;&apos;bar&apos;&quot;, &quot;att4_missing_float&quot;: -0.1, &quot; att5_space_first_missing_datetime&quot;: &quot;2015-10-09T08:30:00+00:00&quot;}]
</system-out></testcase><testcase classname="azmlclient.tests.databinding.test_databinding" file="azmlclient/tests/databinding/test_databinding.py" line="47" name="test_df_to_csv[dummy]" time="0.032637834548950195"><system-out>Converted df -&gt; csv:
Datetime,att1_text_quotes,att2_float,att3_missing_text,att4_missing_float, att5_space_first_missing_datetime
2015-10-09T07:30:00.000+0000,&quot;fo,o&quot;,2.0,,,
2015-10-09T08:30:00.000+0000,&apos;bar&apos;,-0.1,&apos;bar&apos;,-0.1,2015-10-09T08:30:00.000+0000

</system-out></testcase></testsuite>