<?xml version="1.0" encoding="utf-8"?><testsuite errors="0" failures="0" name="pytest" skips="2" tests="10" time="1.715"><testcase classname="azmlclient.tests.clients.test_dummy_client" file="azmlclient/tests/clients/test_dummy_client.py" line="53" name="test_client_call_simple[yaml-mode=local]" time="0.12625360488891602"><system-out>adding columns
</system-out><system-err>[25/Apr/2019:13:21:21] ENGINE Listening for SIGTERM.
[25/Apr/2019:13:21:21] ENGINE Listening for SIGHUP.
[25/Apr/2019:13:21:21] ENGINE Listening for SIGUSR1.
[25/Apr/2019:13:21:21] ENGINE Bus STARTING
[25/Apr/2019:13:21:21] ENGINE Started monitor thread &apos;Autoreloader&apos;.
[25/Apr/2019:13:21:21] ENGINE Serving on https://0.0.0.0:4443
[25/Apr/2019:13:21:21] ENGINE Bus STARTED
</system-err></testcase><testcase classname="azmlclient.tests.clients.test_dummy_client" file="azmlclient/tests/clients/test_dummy_client.py" line="53" name="test_client_call_simple[yaml-mode=RR]" time="0.03264045715332031"><system-out>send: b&apos;POST /a_plus_b/execute?api-version=2.0&amp;details=true HTTP/1.1\r\nHost: localhost:4443\r\nUser-Agent: python-requests/2.21.0\r\nConnection: keep-alive\r\nAccept-Encoding: gzip, deflate\r\nAccept: */*\r\nAuthorization: Bearer none\r\nContent-Type: application/json; charset=utf-8\r\nContent-Length: 139\r\n\r\n&apos;
send: b&apos;{&quot;Inputs&quot;: {&quot;input&quot;: {&quot;Values&quot;: [[1, 0], [2, 5], [3, 10]], &quot;ColumnNames&quot;: [&quot;x&quot;, &quot;y&quot;]}}, &quot;GlobalParameters&quot;: {&quot;a_name&quot;: &quot;x&quot;, &quot;b_name&quot;: &quot;y&quot;}}&apos;
adding columns
127.0.0.1 - - [25/Apr/2019:13:21:21] &quot;POST /a_plus_b/execute?api-version=2.0&amp;details=true HTTP/1.1&quot; 200 105 &quot;&quot; &quot;python-requests/2.21.0&quot;
reply: &apos;HTTP/1.1 200 OK\r\n&apos;
header: Server header: Content-Type header: Content-Length header: Allow header: Date </system-out><system-err>[25/Apr/2019:13:21:21]  [a_plus_b] was asked to execute with params {&apos;details&apos;: &apos;true&apos;, &apos;api-version&apos;: &apos;2.0&apos;}
</system-err></testcase><testcase classname="azmlclient.tests.clients.test_dummy_client" file="azmlclient/tests/clients/test_dummy_client.py" line="53" name="test_client_call_simple[yaml-mode=Batch]" time="0.010563850402832031"><skipped message="Batch mode is not implemented on this mock server." type="pytest.skip">/home/travis/build/smarie/python-azureml-client/azmlclient/tests/clients/test_dummy_client.py:68: &lt;py._xmlgen.raw object at 0x7f26006d4d30&gt;</skipped></testcase><testcase classname="azmlclient.tests.clients.test_dummy_client" file="azmlclient/tests/clients/test_dummy_client.py" line="53" name="test_client_call_simple[cfg-mode=local]" time="0.0072498321533203125"><system-out>adding columns
</system-out></testcase><testcase classname="azmlclient.tests.clients.test_dummy_client" file="azmlclient/tests/clients/test_dummy_client.py" line="53" name="test_client_call_simple[cfg-mode=RR]" time="0.02382946014404297"><system-out>send: b&apos;POST /a_plus_b/execute?api-version=2.0&amp;details=true HTTP/1.1\r\nHost: localhost:4443\r\nUser-Agent: python-requests/2.21.0\r\nConnection: keep-alive\r\nAccept-Encoding: gzip, deflate\r\nAccept: */*\r\nAuthorization: Bearer none\r\nContent-Type: application/json; charset=utf-8\r\nContent-Length: 139\r\n\r\n&apos;
send: b&apos;{&quot;Inputs&quot;: {&quot;input&quot;: {&quot;Values&quot;: [[1, 0], [2, 5], [3, 10]], &quot;ColumnNames&quot;: [&quot;x&quot;, &quot;y&quot;]}}, &quot;GlobalParameters&quot;: {&quot;a_name&quot;: &quot;x&quot;, &quot;b_name&quot;: &quot;y&quot;}}&apos;
adding columns
127.0.0.1 - - [25/Apr/2019:13:21:21] &quot;POST /a_plus_b/execute?api-version=2.0&amp;details=true HTTP/1.1&quot; 200 105 &quot;&quot; &quot;python-requests/2.21.0&quot;
reply: &apos;HTTP/1.1 200 OK\r\n&apos;
header: Server header: Content-Type header: Content-Length header: Allow header: Date </system-out><system-err>[25/Apr/2019:13:21:21]  [a_plus_b] was asked to execute with params {&apos;details&apos;: &apos;true&apos;, &apos;api-version&apos;: &apos;2.0&apos;}
</system-err></testcase><testcase classname="azmlclient.tests.clients.test_dummy_client" file="azmlclient/tests/clients/test_dummy_client.py" line="53" name="test_client_call_simple[cfg-mode=Batch]" time="0.007733821868896484"><skipped message="Batch mode is not implemented on this mock server." type="pytest.skip">/home/travis/build/smarie/python-azureml-client/azmlclient/tests/clients/test_dummy_client.py:68: &lt;py._xmlgen.raw object at 0x7f26006c9668&gt;</skipped><system-err>[25/Apr/2019:13:21:21] ENGINE Bus STOPPING
[25/Apr/2019:13:21:21] ENGINE HTTP Server cherrypy._cpwsgi_server.CPWSGIServer((&apos;0.0.0.0&apos;, 4443)) shut down
[25/Apr/2019:13:21:21] ENGINE Stopped thread &apos;Autoreloader&apos;.
[25/Apr/2019:13:21:21] ENGINE Bus STOPPED
[25/Apr/2019:13:21:21] ENGINE Bus EXITING
[25/Apr/2019:13:21:21] ENGINE Bus EXITED
</system-err></testcase><testcase classname="azmlclient.tests.databinding.test_databinding" file="azmlclient/tests/databinding/test_databinding.py" line="17" name="test_df_to_azmltable[dummy]" time="0.03910994529724121"></testcase><testcase classname="azmlclient.tests.databinding.test_databinding" file="azmlclient/tests/databinding/test_databinding.py" line="27" name="test_df_to_json[dummy-swagger=False]" time="0.029505491256713867"><system-out>Converted df -&gt; json:
{&quot;Values&quot;: [[&quot;2015-10-09T07:30:00+00:00&quot;, &quot;fo,o&quot;, 2.0, NaN, NaN, &quot;NaT&quot;], [&quot;2015-10-09T08:30:00+00:00&quot;, &quot;&apos;bar&apos;&quot;, -0.1, &quot;&apos;bar&apos;&quot;, -0.1, &quot;2015-10-09T08:30:00+00:00&quot;]], &quot;ColumnNames&quot;: [&quot;Datetime&quot;, &quot;att1_text_quotes&quot;, &quot;att2_float&quot;, &quot;att3_missing_text&quot;, &quot;att4_missing_float&quot;, &quot; att5_space_first_missing_datetime&quot;]}
</system-out></testcase><testcase classname="azmlclient.tests.databinding.test_databinding" file="azmlclient/tests/databinding/test_databinding.py" line="27" name="test_df_to_json[dummy-swagger=True]" time="0.029749393463134766"><system-out>Converted df -&gt; json:
[{&quot;Datetime&quot;: &quot;2015-10-09T07:30:00+00:00&quot;, &quot;att1_text_quotes&quot;: &quot;fo,o&quot;, &quot;att2_float&quot;: 2.0, &quot;att3_missing_text&quot;: NaN, &quot;att4_missing_float&quot;: NaN, &quot; att5_space_first_missing_datetime&quot;: &quot;NaT&quot;}, {&quot;Datetime&quot;: &quot;2015-10-09T08:30:00+00:00&quot;, &quot;att1_text_quotes&quot;: &quot;&apos;bar&apos;&quot;, &quot;att2_float&quot;: -0.1, &quot;att3_missing_text&quot;: &quot;&apos;bar&apos;&quot;, &quot;att4_missing_float&quot;: -0.1, &quot; att5_space_first_missing_datetime&quot;: &quot;2015-10-09T08:30:00+00:00&quot;}]
</system-out></testcase><testcase classname="azmlclient.tests.databinding.test_databinding" file="azmlclient/tests/databinding/test_databinding.py" line="46" name="test_df_to_csv[dummy]" time="0.030554771423339844"><system-out>Converted df -&gt; csv:
Datetime,att1_text_quotes,att2_float,att3_missing_text,att4_missing_float, att5_space_first_missing_datetime
2015-10-09T07:30:00.000+0000,&quot;fo,o&quot;,2.0,,,
2015-10-09T08:30:00.000+0000,&apos;bar&apos;,-0.1,&apos;bar&apos;,-0.1,2015-10-09T08:30:00.000+0000

</system-out></testcase></testsuite>