<?xml version="1.0" encoding="utf-8"?><testsuite errors="0" failures="0" name="pytest" skips="0" tests="3" time="0.797"><testcase classname="azmlclient.tests.test_databinding" file="azmlclient/tests/test_databinding.py" line="18" name="test_df_to_azmltable" time="0.03937673568725586"></testcase><testcase classname="azmlclient.tests.test_databinding" file="azmlclient/tests/test_databinding.py" line="27" name="test_df_to_json" time="0.027292966842651367"></testcase><testcase classname="azmlclient.tests.test_databinding" file="azmlclient/tests/test_databinding.py" line="38" name="test_df_to_csv" time="0.028449296951293945"></testcase></testsuite>