<?xml version="1.0" encoding="utf-8"?><testsuite errors="0" failures="0" name="pytest" skips="2" tests="18" time="1.938"><testcase classname="azmlclient.tests.clients.test_configs" file="azmlclient/tests/clients/test_configs.py" line="6" name="test_empty_cfg" time="0.016312837600708008"></testcase><testcase classname="azmlclient.tests.clients.test_configs" file="azmlclient/tests/clients/test_configs.py" line="39" name="test_full_cfg" time="0.013112068176269531"></testcase><testcase classname="azmlclient.tests.clients.test_dummy_client" file="azmlclient/tests/clients/test_dummy_client.py" line="68" name="test_client_call_simple[yaml-call_mode=local-swagger_format=None]" time="0.12927532196044922"><system-out>adding columns
</system-out><system-err>[18/Jul/2019:13:12:11] ENGINE Listening for SIGUSR1.
[18/Jul/2019:13:12:11] ENGINE Listening for SIGTERM.
[18/Jul/2019:13:12:11] ENGINE Listening for SIGHUP.
[18/Jul/2019:13:12:11] ENGINE Bus STARTING
[18/Jul/2019:13:12:11] ENGINE Started monitor thread &apos;Autoreloader&apos;.
[18/Jul/2019:13:12:12] ENGINE Serving on https://0.0.0.0:4443
[18/Jul/2019:13:12:12] ENGINE Bus STARTED
</system-err></testcase><testcase classname="azmlclient.tests.clients.test_dummy_client" file="azmlclient/tests/clients/test_dummy_client.py" line="68" name="test_client_call_simple[yaml-call_mode=RR-swagger_format=False]" time="0.03787660598754883"><system-out>send: b&apos;POST /a_plus_b/execute?api-version=2.0&amp;details=true HTTP/1.1\r\nHost: localhost:4443\r\nConnection: keep-alive\r\nAccept-Encoding: gzip, deflate\r\nUser-Agent: python-requests/2.22.0\r\nAccept: */*\r\nAuthorization: Bearer none\r\nContent-Type: application/json; charset=utf-8\r\nContent-Length: 139\r\n\r\n&apos;
send: b&apos;{&quot;GlobalParameters&quot;: {&quot;a_name&quot;: &quot;x&quot;, &quot;b_name&quot;: &quot;y&quot;}, &quot;Inputs&quot;: {&quot;input&quot;: {&quot;ColumnNames&quot;: [&quot;x&quot;, &quot;y&quot;], &quot;Values&quot;: [[1, 0], [2, 5], [3, 10]]}}}&apos;
adding columns
127.0.0.1 - - [18/Jul/2019:13:12:12] &quot;POST /a_plus_b/execute?api-version=2.0&amp;details=true HTTP/1.1&quot; 200 105 &quot;&quot; &quot;python-requests/2.22.0&quot;
reply: &apos;HTTP/1.1 200 OK\r\n&apos;
header: Content-Length header: Content-Type header: Date header: Allow header: Server </system-out><system-err>[18/Jul/2019:13:12:12]  [a_plus_b] was asked to execute with params {&apos;api-version&apos;: &apos;2.0&apos;, &apos;details&apos;: &apos;true&apos;}
</system-err></testcase><testcase classname="azmlclient.tests.clients.test_dummy_client" file="azmlclient/tests/clients/test_dummy_client.py" line="68" name="test_client_call_simple[yaml-call_mode=RR-swagger_format=True]" time="0.03539466857910156"><system-out>send: b&apos;POST /a_plus_b/execute?api-version=2.0&amp;details=true&amp;format=swagger HTTP/1.1\r\nHost: localhost:4443\r\nConnection: keep-alive\r\nAccept-Encoding: gzip, deflate\r\nUser-Agent: python-requests/2.22.0\r\nAccept: */*\r\nAuthorization: Bearer none\r\nContent-Type: application/json; charset=utf-8\r\nContent-Length: 130\r\n\r\n&apos;
send: b&apos;{&quot;GlobalParameters&quot;: {&quot;a_name&quot;: &quot;x&quot;, &quot;b_name&quot;: &quot;y&quot;}, &quot;Inputs&quot;: {&quot;input&quot;: [{&quot;x&quot;: 1, &quot;y&quot;: 0}, {&quot;x&quot;: 2, &quot;y&quot;: 5}, {&quot;x&quot;: 3, &quot;y&quot;: 10}]}}&apos;
adding columns
127.0.0.1 - - [18/Jul/2019:13:12:12] &quot;POST /a_plus_b/execute?api-version=2.0&amp;details=true&amp;format=swagger HTTP/1.1&quot; 200 90 &quot;&quot; &quot;python-requests/2.22.0&quot;
reply: &apos;HTTP/1.1 200 OK\r\n&apos;
header: Content-Length header: Content-Type header: Date header: Allow header: Server </system-out><system-err>[18/Jul/2019:13:12:12]  [a_plus_b] was asked to execute with params {&apos;api-version&apos;: &apos;2.0&apos;, &apos;details&apos;: &apos;true&apos;, &apos;format&apos;: &apos;swagger&apos;}
</system-err></testcase><testcase classname="azmlclient.tests.clients.test_dummy_client" file="azmlclient/tests/clients/test_dummy_client.py" line="68" name="test_client_call_simple[yaml-call_mode=Batch-swagger_format=None]" time="0.012298107147216797"><skipped message="Batch mode is not implemented on this mock server." type="pytest.skip">/home/travis/build/smarie/python-azureml-client/azmlclient/tests/clients/test_dummy_client.py:90: &lt;py._xmlgen.raw object at 0x7f110b897b70&gt;</skipped></testcase><testcase classname="azmlclient.tests.clients.test_dummy_client" file="azmlclient/tests/clients/test_dummy_client.py" line="68" name="test_client_call_simple[cfg-call_mode=local-swagger_format=None]" time="0.009717941284179688"><system-out>adding columns
</system-out></testcase><testcase classname="azmlclient.tests.clients.test_dummy_client" file="azmlclient/tests/clients/test_dummy_client.py" line="68" name="test_client_call_simple[cfg-call_mode=RR-swagger_format=False]" time="0.029858112335205078"><system-out>send: b&apos;POST /a_plus_b/execute?api-version=2.0&amp;details=true HTTP/1.1\r\nHost: localhost:4443\r\nConnection: keep-alive\r\nAccept-Encoding: gzip, deflate\r\nUser-Agent: python-requests/2.22.0\r\nAccept: */*\r\nAuthorization: Bearer none\r\nContent-Type: application/json; charset=utf-8\r\nContent-Length: 139\r\n\r\n&apos;
send: b&apos;{&quot;GlobalParameters&quot;: {&quot;a_name&quot;: &quot;x&quot;, &quot;b_name&quot;: &quot;y&quot;}, &quot;Inputs&quot;: {&quot;input&quot;: {&quot;ColumnNames&quot;: [&quot;x&quot;, &quot;y&quot;], &quot;Values&quot;: [[1, 0], [2, 5], [3, 10]]}}}&apos;
adding columns
127.0.0.1 - - [18/Jul/2019:13:12:12] &quot;POST /a_plus_b/execute?api-version=2.0&amp;details=true HTTP/1.1&quot; 200 105 &quot;&quot; &quot;python-requests/2.22.0&quot;
reply: &apos;HTTP/1.1 200 OK\r\n&apos;
header: Content-Length header: Content-Type header: Date header: Allow header: Server </system-out><system-err>[18/Jul/2019:13:12:12]  [a_plus_b] was asked to execute with params {&apos;api-version&apos;: &apos;2.0&apos;, &apos;details&apos;: &apos;true&apos;}
</system-err></testcase><testcase classname="azmlclient.tests.clients.test_dummy_client" file="azmlclient/tests/clients/test_dummy_client.py" line="68" name="test_client_call_simple[cfg-call_mode=RR-swagger_format=True]" time="0.03045344352722168"><system-out>send: b&apos;POST /a_plus_b/execute?api-version=2.0&amp;details=true&amp;format=swagger HTTP/1.1\r\nHost: localhost:4443\r\nConnection: keep-alive\r\nAccept-Encoding: gzip, deflate\r\nUser-Agent: python-requests/2.22.0\r\nAccept: */*\r\nAuthorization: Bearer none\r\nContent-Type: application/json; charset=utf-8\r\nContent-Length: 130\r\n\r\n&apos;
send: b&apos;{&quot;GlobalParameters&quot;: {&quot;a_name&quot;: &quot;x&quot;, &quot;b_name&quot;: &quot;y&quot;}, &quot;Inputs&quot;: {&quot;input&quot;: [{&quot;x&quot;: 1, &quot;y&quot;: 0}, {&quot;x&quot;: 2, &quot;y&quot;: 5}, {&quot;x&quot;: 3, &quot;y&quot;: 10}]}}&apos;
adding columns
127.0.0.1 - - [18/Jul/2019:13:12:12] &quot;POST /a_plus_b/execute?api-version=2.0&amp;details=true&amp;format=swagger HTTP/1.1&quot; 200 90 &quot;&quot; &quot;python-requests/2.22.0&quot;
reply: &apos;HTTP/1.1 200 OK\r\n&apos;
header: Content-Length header: Content-Type header: Date header: Allow header: Server </system-out><system-err>[18/Jul/2019:13:12:12]  [a_plus_b] was asked to execute with params {&apos;api-version&apos;: &apos;2.0&apos;, &apos;details&apos;: &apos;true&apos;, &apos;format&apos;: &apos;swagger&apos;}
</system-err></testcase><testcase classname="azmlclient.tests.clients.test_dummy_client" file="azmlclient/tests/clients/test_dummy_client.py" line="68" name="test_client_call_simple[cfg-call_mode=Batch-swagger_format=None]" time="0.006937503814697266"><skipped message="Batch mode is not implemented on this mock server." type="pytest.skip">/home/travis/build/smarie/python-azureml-client/azmlclient/tests/clients/test_dummy_client.py:90: &lt;py._xmlgen.raw object at 0x7f10e95e4ac8&gt;</skipped></testcase><testcase classname="azmlclient.tests.clients.test_dummy_client" file="azmlclient/tests/clients/test_dummy_client.py" line="101" name="test_client_call_remote_only[yaml]" time="0.011777877807617188"></testcase><testcase classname="azmlclient.tests.clients.test_dummy_client" file="azmlclient/tests/clients/test_dummy_client.py" line="101" name="test_client_call_remote_only[cfg]" time="0.007819414138793945"><system-err>[18/Jul/2019:13:12:12] ENGINE Bus STOPPING
[18/Jul/2019:13:12:12] ENGINE HTTP Server cherrypy._cpwsgi_server.CPWSGIServer((&apos;0.0.0.0&apos;, 4443)) shut down
[18/Jul/2019:13:12:12] ENGINE Stopped thread &apos;Autoreloader&apos;.
[18/Jul/2019:13:12:12] ENGINE Bus STOPPED
[18/Jul/2019:13:12:12] ENGINE Bus EXITING
[18/Jul/2019:13:12:12] ENGINE Bus EXITED
</system-err></testcase><testcase classname="azmlclient.tests.clients.test_readme" file="azmlclient/tests/clients/test_readme.py" line="8" name="test_readme_high_level_basic" time="0.06826972961425781"></testcase><testcase classname="azmlclient.tests.clients.test_readme" file="azmlclient/tests/clients/test_readme.py" line="60" name="test_readme_high_level_local" time="0.013972282409667969"></testcase><testcase classname="azmlclient.tests.databinding.test_databinding" file="azmlclient/tests/databinding/test_databinding.py" line="18" name="test_df_to_azmltable[dummy]" time="0.04135894775390625"></testcase><testcase classname="azmlclient.tests.databinding.test_databinding" file="azmlclient/tests/databinding/test_databinding.py" line="28" name="test_df_to_json[swagger=False-dummy]" time="0.03482508659362793"><system-out>Converted df -&gt; json:
{&quot;ColumnNames&quot;: [&quot;Datetime&quot;, &quot;att1_text_quotes&quot;, &quot;att2_float&quot;, &quot;att3_missing_text&quot;, &quot;att4_missing_float&quot;, &quot; att5_space_first_missing_datetime&quot;], &quot;Values&quot;: [[&quot;2015-10-09T07:30:00+00:00&quot;, &quot;fo,o&quot;, 2.0, NaN, NaN, &quot;NaT&quot;], [&quot;2015-10-09T08:30:00+00:00&quot;, &quot;&apos;bar&apos;&quot;, -0.1, &quot;&apos;bar&apos;&quot;, -0.1, &quot;2015-10-09T08:30:00+00:00&quot;]]}
</system-out></testcase><testcase classname="azmlclient.tests.databinding.test_databinding" file="azmlclient/tests/databinding/test_databinding.py" line="28" name="test_df_to_json[swagger=True-dummy]" time="0.03231072425842285"><system-out>Converted df -&gt; json:
[{&quot;Datetime&quot;: &quot;2015-10-09T07:30:00+00:00&quot;, &quot;att1_text_quotes&quot;: &quot;fo,o&quot;, &quot;att2_float&quot;: 2.0, &quot;att3_missing_text&quot;: NaN, &quot;att4_missing_float&quot;: NaN, &quot; att5_space_first_missing_datetime&quot;: &quot;NaT&quot;}, {&quot;Datetime&quot;: &quot;2015-10-09T08:30:00+00:00&quot;, &quot;att1_text_quotes&quot;: &quot;&apos;bar&apos;&quot;, &quot;att2_float&quot;: -0.1, &quot;att3_missing_text&quot;: &quot;&apos;bar&apos;&quot;, &quot;att4_missing_float&quot;: -0.1, &quot; att5_space_first_missing_datetime&quot;: &quot;2015-10-09T08:30:00+00:00&quot;}]
</system-out></testcase><testcase classname="azmlclient.tests.databinding.test_databinding" file="azmlclient/tests/databinding/test_databinding.py" line="47" name="test_df_to_csv[dummy]" time="0.030346155166625977"><system-out>Converted df -&gt; csv:
Datetime,att1_text_quotes,att2_float,att3_missing_text,att4_missing_float, att5_space_first_missing_datetime
2015-10-09T07:30:00.000+0000,&quot;fo,o&quot;,2.0,,,
2015-10-09T08:30:00.000+0000,&apos;bar&apos;,-0.1,&apos;bar&apos;,-0.1,2015-10-09T08:30:00.000+0000

</system-out></testcase></testsuite>