<?xml version="1.0" encoding="utf-8"?><testsuite errors="0" failures="0" name="pytest" skips="2" tests="18" time="1.773"><testcase classname="azmlclient.tests.clients.test_configs" file="azmlclient/tests/clients/test_configs.py" line="3" name="test_empty_cfg" time="0.006028890609741211"></testcase><testcase classname="azmlclient.tests.clients.test_configs" file="azmlclient/tests/clients/test_configs.py" line="19" name="test_full_cfg" time="0.012562036514282227"></testcase><testcase classname="azmlclient.tests.clients.test_dummy_client" file="azmlclient/tests/clients/test_dummy_client.py" line="68" name="test_client_call_simple[yaml-call_mode=local-swagger_format=None]" time="0.12824440002441406"><system-out>adding columns
</system-out><system-err>[24/May/2019:16:27:46] ENGINE Listening for SIGHUP.
[24/May/2019:16:27:46] ENGINE Listening for SIGTERM.
[24/May/2019:16:27:46] ENGINE Listening for SIGUSR1.
[24/May/2019:16:27:46] ENGINE Bus STARTING
[24/May/2019:16:27:46] ENGINE Started monitor thread &apos;Autoreloader&apos;.
[24/May/2019:16:27:47] ENGINE Serving on https://0.0.0.0:4443
[24/May/2019:16:27:47] ENGINE Bus STARTED
</system-err></testcase><testcase classname="azmlclient.tests.clients.test_dummy_client" file="azmlclient/tests/clients/test_dummy_client.py" line="68" name="test_client_call_simple[yaml-call_mode=RR-swagger_format=False]" time="0.03558206558227539"><system-out>send: b&apos;POST /a_plus_b/execute?api-version=2.0&amp;details=true HTTP/1.1\r\nHost: localhost:4443\r\nUser-Agent: python-requests/2.22.0\r\nConnection: keep-alive\r\nAccept: */*\r\nAccept-Encoding: gzip, deflate\r\nContent-Type: application/json; charset=utf-8\r\nAuthorization: Bearer none\r\nContent-Length: 139\r\n\r\n&apos;
send: b&apos;{&quot;Inputs&quot;: {&quot;input&quot;: {&quot;Values&quot;: [[1, 0], [2, 5], [3, 10]], &quot;ColumnNames&quot;: [&quot;x&quot;, &quot;y&quot;]}}, &quot;GlobalParameters&quot;: {&quot;b_name&quot;: &quot;y&quot;, &quot;a_name&quot;: &quot;x&quot;}}&apos;
adding columns
127.0.0.1 - - [24/May/2019:16:27:47] &quot;POST /a_plus_b/execute?api-version=2.0&amp;details=true HTTP/1.1&quot; 200 105 &quot;&quot; &quot;python-requests/2.22.0&quot;
reply: &apos;HTTP/1.1 200 OK\r\n&apos;
header: Content-Type header: Date header: Content-Length header: Allow header: Server </system-out><system-err>[24/May/2019:16:27:47]  [a_plus_b] was asked to execute with params {&apos;details&apos;: &apos;true&apos;, &apos;api-version&apos;: &apos;2.0&apos;}
</system-err></testcase><testcase classname="azmlclient.tests.clients.test_dummy_client" file="azmlclient/tests/clients/test_dummy_client.py" line="68" name="test_client_call_simple[yaml-call_mode=RR-swagger_format=True]" time="0.03358817100524902"><system-out>send: b&apos;POST /a_plus_b/execute?api-version=2.0&amp;details=true&amp;format=swagger HTTP/1.1\r\nHost: localhost:4443\r\nUser-Agent: python-requests/2.22.0\r\nConnection: keep-alive\r\nAccept: */*\r\nAccept-Encoding: gzip, deflate\r\nContent-Type: application/json; charset=utf-8\r\nAuthorization: Bearer none\r\nContent-Length: 130\r\n\r\n&apos;
send: b&apos;{&quot;Inputs&quot;: {&quot;input&quot;: [{&quot;x&quot;: 1, &quot;y&quot;: 0}, {&quot;x&quot;: 2, &quot;y&quot;: 5}, {&quot;x&quot;: 3, &quot;y&quot;: 10}]}, &quot;GlobalParameters&quot;: {&quot;b_name&quot;: &quot;y&quot;, &quot;a_name&quot;: &quot;x&quot;}}&apos;
adding columns
127.0.0.1 - - [24/May/2019:16:27:47] &quot;POST /a_plus_b/execute?api-version=2.0&amp;details=true&amp;format=swagger HTTP/1.1&quot; 200 90 &quot;&quot; &quot;python-requests/2.22.0&quot;
reply: &apos;HTTP/1.1 200 OK\r\n&apos;
header: Content-Type header: Date header: Content-Length header: Allow header: Server </system-out><system-err>[24/May/2019:16:27:47]  [a_plus_b] was asked to execute with params {&apos;details&apos;: &apos;true&apos;, &apos;api-version&apos;: &apos;2.0&apos;, &apos;format&apos;: &apos;swagger&apos;}
</system-err></testcase><testcase classname="azmlclient.tests.clients.test_dummy_client" file="azmlclient/tests/clients/test_dummy_client.py" line="68" name="test_client_call_simple[yaml-call_mode=Batch-swagger_format=None]" time="0.012553930282592773"><skipped message="Batch mode is not implemented on this mock server." type="pytest.skip">/home/travis/build/smarie/python-azureml-client/azmlclient/tests/clients/test_dummy_client.py:90: &lt;py._xmlgen.raw object at 0x7f406c201eb8&gt;</skipped></testcase><testcase classname="azmlclient.tests.clients.test_dummy_client" file="azmlclient/tests/clients/test_dummy_client.py" line="68" name="test_client_call_simple[cfg-call_mode=local-swagger_format=None]" time="0.009226083755493164"><system-out>adding columns
</system-out></testcase><testcase classname="azmlclient.tests.clients.test_dummy_client" file="azmlclient/tests/clients/test_dummy_client.py" line="68" name="test_client_call_simple[cfg-call_mode=RR-swagger_format=False]" time="0.027503252029418945"><system-out>send: b&apos;POST /a_plus_b/execute?api-version=2.0&amp;details=true HTTP/1.1\r\nHost: localhost:4443\r\nUser-Agent: python-requests/2.22.0\r\nConnection: keep-alive\r\nAccept: */*\r\nAccept-Encoding: gzip, deflate\r\nContent-Type: application/json; charset=utf-8\r\nAuthorization: Bearer none\r\nContent-Length: 139\r\n\r\n&apos;
send: b&apos;{&quot;Inputs&quot;: {&quot;input&quot;: {&quot;Values&quot;: [[1, 0], [2, 5], [3, 10]], &quot;ColumnNames&quot;: [&quot;x&quot;, &quot;y&quot;]}}, &quot;GlobalParameters&quot;: {&quot;b_name&quot;: &quot;y&quot;, &quot;a_name&quot;: &quot;x&quot;}}&apos;
adding columns
127.0.0.1 - - [24/May/2019:16:27:47] &quot;POST /a_plus_b/execute?api-version=2.0&amp;details=true HTTP/1.1&quot; 200 105 &quot;&quot; &quot;python-requests/2.22.0&quot;
reply: &apos;HTTP/1.1 200 OK\r\n&apos;
header: Content-Type header: Date header: Content-Length header: Allow header: Server </system-out><system-err>[24/May/2019:16:27:47]  [a_plus_b] was asked to execute with params {&apos;details&apos;: &apos;true&apos;, &apos;api-version&apos;: &apos;2.0&apos;}
</system-err></testcase><testcase classname="azmlclient.tests.clients.test_dummy_client" file="azmlclient/tests/clients/test_dummy_client.py" line="68" name="test_client_call_simple[cfg-call_mode=RR-swagger_format=True]" time="0.027619123458862305"><system-out>send: b&apos;POST /a_plus_b/execute?api-version=2.0&amp;details=true&amp;format=swagger HTTP/1.1\r\nHost: localhost:4443\r\nUser-Agent: python-requests/2.22.0\r\nConnection: keep-alive\r\nAccept: */*\r\nAccept-Encoding: gzip, deflate\r\nContent-Type: application/json; charset=utf-8\r\nAuthorization: Bearer none\r\nContent-Length: 130\r\n\r\n&apos;
send: b&apos;{&quot;Inputs&quot;: {&quot;input&quot;: [{&quot;x&quot;: 1, &quot;y&quot;: 0}, {&quot;x&quot;: 2, &quot;y&quot;: 5}, {&quot;x&quot;: 3, &quot;y&quot;: 10}]}, &quot;GlobalParameters&quot;: {&quot;b_name&quot;: &quot;y&quot;, &quot;a_name&quot;: &quot;x&quot;}}&apos;
adding columns
127.0.0.1 - - [24/May/2019:16:27:47] &quot;POST /a_plus_b/execute?api-version=2.0&amp;details=true&amp;format=swagger HTTP/1.1&quot; 200 90 &quot;&quot; &quot;python-requests/2.22.0&quot;
reply: &apos;HTTP/1.1 200 OK\r\n&apos;
header: Content-Type header: Date header: Content-Length header: Allow header: Server </system-out><system-err>[24/May/2019:16:27:47]  [a_plus_b] was asked to execute with params {&apos;details&apos;: &apos;true&apos;, &apos;api-version&apos;: &apos;2.0&apos;, &apos;format&apos;: &apos;swagger&apos;}
</system-err></testcase><testcase classname="azmlclient.tests.clients.test_dummy_client" file="azmlclient/tests/clients/test_dummy_client.py" line="68" name="test_client_call_simple[cfg-call_mode=Batch-swagger_format=None]" time="0.006652355194091797"><skipped message="Batch mode is not implemented on this mock server." type="pytest.skip">/home/travis/build/smarie/python-azureml-client/azmlclient/tests/clients/test_dummy_client.py:90: &lt;py._xmlgen.raw object at 0x7f406c1d8550&gt;</skipped></testcase><testcase classname="azmlclient.tests.clients.test_dummy_client" file="azmlclient/tests/clients/test_dummy_client.py" line="101" name="test_client_call_remote_only[yaml]" time="0.01261448860168457"></testcase><testcase classname="azmlclient.tests.clients.test_dummy_client" file="azmlclient/tests/clients/test_dummy_client.py" line="101" name="test_client_call_remote_only[cfg]" time="0.0074024200439453125"><system-err>[24/May/2019:16:27:47] ENGINE Bus STOPPING
[24/May/2019:16:27:47] ENGINE HTTP Server cherrypy._cpwsgi_server.CPWSGIServer((&apos;0.0.0.0&apos;, 4443)) shut down
[24/May/2019:16:27:47] ENGINE Stopped thread &apos;Autoreloader&apos;.
[24/May/2019:16:27:47] ENGINE Bus STOPPED
[24/May/2019:16:27:47] ENGINE Bus EXITING
[24/May/2019:16:27:47] ENGINE Bus EXITED
</system-err></testcase><testcase classname="azmlclient.tests.clients.test_readme" file="azmlclient/tests/clients/test_readme.py" line="8" name="test_readme_high_level_basic" time="0.07748913764953613"></testcase><testcase classname="azmlclient.tests.clients.test_readme" file="azmlclient/tests/clients/test_readme.py" line="60" name="test_readme_high_level_local" time="0.012034177780151367"></testcase><testcase classname="azmlclient.tests.databinding.test_databinding" file="azmlclient/tests/databinding/test_databinding.py" line="18" name="test_df_to_azmltable[dummy]" time="0.03970193862915039"></testcase><testcase classname="azmlclient.tests.databinding.test_databinding" file="azmlclient/tests/databinding/test_databinding.py" line="28" name="test_df_to_json[dummy-swagger=False]" time="0.030185222625732422"><system-out>Converted df -&gt; json:
{&quot;Values&quot;: [[&quot;2015-10-09T07:30:00+00:00&quot;, &quot;fo,o&quot;, 2.0, NaN, NaN, &quot;NaT&quot;], [&quot;2015-10-09T08:30:00+00:00&quot;, &quot;&apos;bar&apos;&quot;, -0.1, &quot;&apos;bar&apos;&quot;, -0.1, &quot;2015-10-09T08:30:00+00:00&quot;]], &quot;ColumnNames&quot;: [&quot;Datetime&quot;, &quot;att1_text_quotes&quot;, &quot;att2_float&quot;, &quot;att3_missing_text&quot;, &quot;att4_missing_float&quot;, &quot; att5_space_first_missing_datetime&quot;]}
</system-out></testcase><testcase classname="azmlclient.tests.databinding.test_databinding" file="azmlclient/tests/databinding/test_databinding.py" line="28" name="test_df_to_json[dummy-swagger=True]" time="0.03026890754699707"><system-out>Converted df -&gt; json:
[{&quot;Datetime&quot;: &quot;2015-10-09T07:30:00+00:00&quot;, &quot;att1_text_quotes&quot;: &quot;fo,o&quot;, &quot;att2_float&quot;: 2.0, &quot;att3_missing_text&quot;: NaN, &quot;att4_missing_float&quot;: NaN, &quot; att5_space_first_missing_datetime&quot;: &quot;NaT&quot;}, {&quot;Datetime&quot;: &quot;2015-10-09T08:30:00+00:00&quot;, &quot;att1_text_quotes&quot;: &quot;&apos;bar&apos;&quot;, &quot;att2_float&quot;: -0.1, &quot;att3_missing_text&quot;: &quot;&apos;bar&apos;&quot;, &quot;att4_missing_float&quot;: -0.1, &quot; att5_space_first_missing_datetime&quot;: &quot;2015-10-09T08:30:00+00:00&quot;}]
</system-out></testcase><testcase classname="azmlclient.tests.databinding.test_databinding" file="azmlclient/tests/databinding/test_databinding.py" line="47" name="test_df_to_csv[dummy]" time="0.030664682388305664"><system-out>Converted df -&gt; csv:
Datetime,att1_text_quotes,att2_float,att3_missing_text,att4_missing_float, att5_space_first_missing_datetime
2015-10-09T07:30:00.000+0000,&quot;fo,o&quot;,2.0,,,
2015-10-09T08:30:00.000+0000,&apos;bar&apos;,-0.1,&apos;bar&apos;,-0.1,2015-10-09T08:30:00.000+0000

</system-out></testcase></testsuite>