<?xml version="1.0" encoding="utf-8"?><testsuite errors="0" failures="0" name="pytest" skips="0" tests="3" time="0.862"><testcase classname="azmlclient.tests.test_databinding" file="azmlclient/tests/test_databinding.py" line="18" name="test_df_to_azmltable" time="0.04210495948791504"></testcase><testcase classname="azmlclient.tests.test_databinding" file="azmlclient/tests/test_databinding.py" line="27" name="test_df_to_json" time="0.029959917068481445"></testcase><testcase classname="azmlclient.tests.test_databinding" file="azmlclient/tests/test_databinding.py" line="38" name="test_df_to_csv" time="0.03099966049194336"></testcase></testsuite>