<?xml version="1.0" encoding="utf-8"?><testsuite errors="0" failures="0" name="pytest" skips="0" tests="3" time="0.837"><testcase classname="azmlclient.tests.test_databinding" file="azmlclient/tests/test_databinding.py" line="18" name="test_df_to_azmltable" time="0.04164481163024902"></testcase><testcase classname="azmlclient.tests.test_databinding" file="azmlclient/tests/test_databinding.py" line="27" name="test_df_to_json" time="0.029203176498413086"></testcase><testcase classname="azmlclient.tests.test_databinding" file="azmlclient/tests/test_databinding.py" line="38" name="test_df_to_csv" time="0.030163288116455078"></testcase></testsuite>